****************************************
Report : timing
	-path_type full
	-delay_type max
	-max_paths 1
	-sort_by slack
Design : top
Version: T-2022.03-SP5
Date   : Fri May 31 16:46:41 2024
****************************************


  Startpoint: inp[1] (input port clocked by clk)
  Endpoint: out[0] (output port clocked by clk)
  Path Group: clk
  Path Type: max

  Point                                    Incr       Path
  ---------------------------------------------------------------
  clock clk (rise edge)                    0.00       0.00
  clock network delay (ideal)              0.00       0.00
  input external delay                     0.00       0.00 r
  inp[1] (in)                              0.00       0.00 r
  U270/Y (AND2X1)                      2207112.00 2207112.00 r
  U271/Y (INVX1)                       705440.00  2912552.00 f
  U576/Y (NAND2X1)                     918768.00  3831320.00 r
  U444/Y (AND2X1)                      2174720.00 6006040.00 r
  U445/Y (INVX1)                       715952.00  6721992.00 f
  U409/Y (AND2X1)                      2458032.00 9180024.00 f
  U410/Y (INVX1)                       -1187544.00
                                                  7992480.00 r
  U311/Y (AND2X1)                      2199072.00 10191552.00 r
  U312/Y (INVX1)                       708248.00  10899800.00 f
  U562/Y (XNOR2X1)                     6583504.00 17483304.00 f
  U563/Y (INVX1)                       -1195408.00
                                                  16287896.00 r
  U564/Y (XNOR2X1)                     5953640.00 22241536.00 r
  U405/Y (AND2X1)                      1829808.00 24071344.00 r
  U406/Y (INVX1)                       707784.00  24779128.00 f
  U452/Y (AND2X1)                      2458072.00 27237200.00 f
  U453/Y (INVX1)                       -1163144.00
                                                  26074056.00 r
  U230/Y (XNOR2X1)                     5942792.00 32016848.00 r
  U231/Y (INVX1)                       820200.00  32837048.00 f
  U591/Y (OR2X1)                       2117992.00 34955040.00 f
  U393/Y (AND2X1)                      2434336.00 37389376.00 f
  U394/Y (INVX1)                       -1328344.00
                                                  36061032.00 r
  U262/Y (XNOR2X1)                     5860460.00 41921492.00 r
  U190/Y (AND2X1)                      1825260.00 43746752.00 r
  U191/Y (INVX1)                       707932.00  44454684.00 f
  U333/Y (AND2X1)                      2034888.00 46489572.00 f
  U334/Y (INVX1)                       -1361004.00
                                                  45128568.00 r
  U512/Y (AND2X1)                      1889096.00 47017664.00 r
  U513/Y (INVX1)                       712304.00  47729968.00 f
  U272/Y (AND2X1)                      2458080.00 50188048.00 f
  U273/Y (INVX1)                       -1175088.00
                                                  49012960.00 r
  U355/Y (AND2X1)                      2198880.00 51211840.00 r
  U356/Y (INVX1)                       707648.00  51919488.00 f
  U522/Y (AND2X1)                      2034876.00 53954364.00 f
  U523/Y (INVX1)                       -1175192.00
                                                  52779172.00 r
  U194/Y (AND2X1)                      2198880.00 54978052.00 r
  U195/Y (INVX1)                       707872.00  55685924.00 f
  U614/Y (NAND2X1)                     918816.00  56604740.00 r
  U504/Y (AND2X1)                      2174536.00 58779276.00 r
  U505/Y (INVX1)                       716012.00  59495288.00 f
  U423/Y (XNOR2X1)                     6007064.00 65502352.00 f
  U424/Y (INVX1)                       -1219724.00
                                                  64282628.00 r
  U313/Y (AND2X1)                      2199080.00 66481708.00 r
  U314/Y (INVX1)                       707580.00  67189288.00 f
  U377/Y (AND2X1)                      2458072.00 69647360.00 f
  U378/Y (INVX1)                       -1150688.00
                                                  68496672.00 r
  U347/Y (AND2X1)                      1880344.00 70377016.00 r
  U348/Y (INVX1)                       715576.00  71092592.00 f
  U174/Y (OR2X1)                       2316112.00 73408704.00 f
  U175/Y (INVX1)                       -983712.00 72424992.00 r
  U666/Y (NOR2X1)                      917856.00  73342848.00 f
  U667/Y (INVX1)                       -299184.00 73043664.00 r
  U268/Y (AND2X1)                      2198864.00 75242528.00 r
  U269/Y (INVX1)                       708096.00  75950624.00 f
  U331/Y (AND2X1)                      2458032.00 78408656.00 f
  U332/Y (INVX1)                       -1187576.00
                                                  77221080.00 r
  U476/Y (AND2X1)                      2202008.00 79423088.00 r
  U206/Y (AND2X1)                      1836560.00 81259648.00 r
  U207/Y (INVX1)                       707984.00  81967632.00 f
  U353/Y (AND2X1)                      2458048.00 84425680.00 f
  U354/Y (INVX1)                       -1187464.00
                                                  83238216.00 r
  U502/Y (AND2X1)                      1881832.00 85120048.00 r
  U503/Y (INVX1)                       707872.00  85827920.00 f
  U670/Y (NAND2X1)                     1285776.00 87113696.00 r
  U309/Y (AND2X1)                      1818752.00 88932448.00 r
  U310/Y (INVX1)                       707584.00  89640032.00 f
  U294/Y (NAND2X1)                     1285632.00 90925664.00 r
  U518/Y (AND2X1)                      1818784.00 92744448.00 r
  U519/Y (INVX1)                       715792.00  93460240.00 f
  U436/Y (OR2X1)                       2321360.00 95781600.00 f
  U437/Y (INVX1)                       -998680.00 94782920.00 r
  U315/Y (AND2X1)                      2199032.00 96981952.00 r
  U316/Y (INVX1)                       707600.00  97689552.00 f
  U387/Y (AND2X1)                      2458072.00 100147624.00 f
  U388/Y (INVX1)                       -1187264.00
                                                  98960360.00 r
  U395/Y (AND2X1)                      2199072.00 101159432.00 r
  U396/Y (INVX1)                       707584.00  101867016.00 f
  U296/Y (NAND2X1)                     1285632.00 103152648.00 r
  U168/Y (AND2X1)                      1818784.00 104971432.00 r
  U169/Y (INVX1)                       707656.00  105679088.00 f
  U178/Y (OR2X1)                       2316128.00 107995216.00 f
  U179/Y (INVX1)                       -995264.00 106999952.00 r
  U680/Y (NOR2X1)                      547960.00  107547912.00 f
  out[0] (out)                             0.00   107547912.00 f
  data arrival time                               107547912.00

  clock clk (rise edge)                200000000.00
                                                  200000000.00
  clock network delay (ideal)              0.00   200000000.00
  clock reconvergence pessimism            0.00   200000000.00
  output external delay                    0.00   200000000.00
  data required time                              200000000.00
  ---------------------------------------------------------------
  data required time                              200000000.00
  data arrival time                               -107547912.00
  ---------------------------------------------------------------
  slack (MET)                                     92452088.00


1
