 
****************************************
Report : timing
        -path full
        -delay max
        -max_paths 1
Design : top
Version: S-2021.06-SP2
Date   : Fri May 31 16:46:37 2024
****************************************

Operating Conditions: TT   Library: PPDK_Standard_Library_1.0V_25C_TYP_X1
Wire Load Model Mode: top

  Startpoint: inp[1] (input port clocked by clk)
  Endpoint: out[0] (output port clocked by clk)
  Path Group: clk
  Path Type: max

  Point                                    Incr       Path
  -----------------------------------------------------------
  clock clk (rise edge)                    0.00       0.00
  clock network delay (ideal)              0.00       0.00
  input external delay                     0.00       0.00 r
  inp[1] (in)                              0.00       0.00 r
  U270/Y (AND2X1)                      2207109.00 2207109.00 r
  U271/Y (INVX1)                       705439.50  2912548.50 f
  U576/Y (NAND2X1)                     918764.50  3831313.00 r
  U444/Y (AND2X1)                      2174743.00 6006056.00 r
  U445/Y (INVX1)                       715947.00  6722003.00 f
  U409/Y (AND2X1)                      2458033.00 9180036.00 f
  U410/Y (INVX1)                       -1187545.00
                                                  7992491.00 r
  U311/Y (AND2X1)                      2199079.00 10191570.00 r
  U312/Y (INVX1)                       708249.00  10899819.00 f
  U562/Y (XNOR2X1)                     6583507.00 17483326.00 f
  U563/Y (INVX1)                       -1195414.00
                                                  16287912.00 r
  U564/Y (XNOR2X1)                     5953650.00 22241562.00 r
  U405/Y (AND2X1)                      1829798.00 24071360.00 r
  U406/Y (INVX1)                       707784.00  24779144.00 f
  U452/Y (AND2X1)                      2458076.00 27237220.00 f
  U453/Y (INVX1)                       -1163154.00
                                                  26074066.00 r
  U230/Y (XNOR2X1)                     5942782.00 32016848.00 r
  U231/Y (INVX1)                       820202.00  32837050.00 f
  U591/Y (OR2X1)                       2117990.00 34955040.00 f
  U393/Y (AND2X1)                      2434328.00 37389368.00 f
  U394/Y (INVX1)                       -1328320.00
                                                  36061048.00 r
  U262/Y (XNOR2X1)                     5860448.00 41921496.00 r
  U190/Y (AND2X1)                      1825256.00 43746752.00 r
  U191/Y (INVX1)                       707932.00  44454684.00 f
  U333/Y (AND2X1)                      2034888.00 46489572.00 f
  U334/Y (INVX1)                       -1360972.00
                                                  45128600.00 r
  U512/Y (AND2X1)                      1889096.00 47017696.00 r
  U513/Y (INVX1)                       712308.00  47730004.00 f
  U272/Y (AND2X1)                      2458080.00 50188084.00 f
  U273/Y (INVX1)                       -1175076.00
                                                  49013008.00 r
  U355/Y (AND2X1)                      2198884.00 51211892.00 r
  U356/Y (INVX1)                       707644.00  51919536.00 f
  U522/Y (AND2X1)                      2034876.00 53954412.00 f
  U523/Y (INVX1)                       -1175184.00
                                                  52779228.00 r
  U194/Y (AND2X1)                      2198884.00 54978112.00 r
  U195/Y (INVX1)                       707868.00  55685980.00 f
  U614/Y (NAND2X1)                     918816.00  56604796.00 r
  U504/Y (AND2X1)                      2174560.00 58779356.00 r
  U505/Y (INVX1)                       716008.00  59495364.00 f
  U423/Y (XNOR2X1)                     6007068.00 65502432.00 f
  U424/Y (INVX1)                       -1219728.00
                                                  64282704.00 r
  U313/Y (AND2X1)                      2199088.00 66481792.00 r
  U314/Y (INVX1)                       707584.00  67189376.00 f
  U377/Y (AND2X1)                      2458072.00 69647448.00 f
  U378/Y (INVX1)                       -1150680.00
                                                  68496768.00 r
  U347/Y (AND2X1)                      1880336.00 70377104.00 r
  U348/Y (INVX1)                       715568.00  71092672.00 f
  U174/Y (OR2X1)                       2316120.00 73408792.00 f
  U175/Y (INVX1)                       -983720.00 72425072.00 r
  U666/Y (NOR2X1)                      917864.00  73342936.00 f
  U667/Y (INVX1)                       -299192.00 73043744.00 r
  U268/Y (AND2X1)                      2198864.00 75242608.00 r
  U269/Y (INVX1)                       708096.00  75950704.00 f
  U331/Y (AND2X1)                      2458024.00 78408728.00 f
  U332/Y (INVX1)                       -1187576.00
                                                  77221152.00 r
  U476/Y (AND2X1)                      2201984.00 79423136.00 r
  U206/Y (AND2X1)                      1836560.00 81259696.00 r
  U207/Y (INVX1)                       707984.00  81967680.00 f
  U353/Y (AND2X1)                      2458048.00 84425728.00 f
  U354/Y (INVX1)                       -1187456.00
                                                  83238272.00 r
  U502/Y (AND2X1)                      1881840.00 85120112.00 r
  U503/Y (INVX1)                       707872.00  85827984.00 f
  U670/Y (NAND2X1)                     1285776.00 87113760.00 r
  U309/Y (AND2X1)                      1818744.00 88932504.00 r
  U310/Y (INVX1)                       707584.00  89640088.00 f
  U294/Y (NAND2X1)                     1285632.00 90925720.00 r
  U518/Y (AND2X1)                      1818776.00 92744496.00 r
  U519/Y (INVX1)                       715784.00  93460280.00 f
  U436/Y (OR2X1)                       2321360.00 95781640.00 f
  U437/Y (INVX1)                       -998680.00 94782960.00 r
  U315/Y (AND2X1)                      2199032.00 96981992.00 r
  U316/Y (INVX1)                       707600.00  97689592.00 f
  U387/Y (AND2X1)                      2458072.00 100147664.00 f
  U388/Y (INVX1)                       -1187264.00
                                                  98960400.00 r
  U395/Y (AND2X1)                      2199080.00 101159480.00 r
  U396/Y (INVX1)                       707584.00  101867064.00 f
  U296/Y (NAND2X1)                     1285632.00 103152696.00 r
  U168/Y (AND2X1)                      1818776.00 104971472.00 r
  U169/Y (INVX1)                       707664.00  105679136.00 f
  U178/Y (OR2X1)                       2316120.00 107995256.00 f
  U179/Y (INVX1)                       -995264.00 106999992.00 r
  U680/Y (NOR2X1)                      547960.00  107547952.00 f
  out[0] (out)                             0.00   107547952.00 f
  data arrival time                               107547952.00

  clock clk (rise edge)                200000000.00
                                                  200000000.00
  clock network delay (ideal)              0.00   200000000.00
  output external delay                    0.00   200000000.00
  data required time                              200000000.00
  -----------------------------------------------------------
  data required time                              200000000.00
  data arrival time                               -107547952.00
  -----------------------------------------------------------
  slack (MET)                                     92452048.00


1
