****************************************
Report : timing
	-path_type full
	-delay_type max
	-max_paths 1
	-sort_by slack
Design : top
Version: T-2022.03-SP5
Date   : Fri May 31 15:10:02 2024
****************************************


  Startpoint: inp[6] (input port clocked by clk)
  Endpoint: out[0] (output port clocked by clk)
  Path Group: clk
  Path Type: max

  Point                                    Incr       Path
  ---------------------------------------------------------------
  clock clk (rise edge)                    0.00       0.00
  clock network delay (ideal)              0.00       0.00
  input external delay                     0.00       0.00 r
  inp[6] (in)                              0.00       0.00 r
  U574/Y (AND2X1)                      2207112.00 2207112.00 r
  U575/Y (INVX1)                       705440.00  2912552.00 f
  U618/Y (NAND2X1)                     918768.00  3831320.00 r
  U318/Y (AND2X1)                      2174720.00 6006040.00 r
  U319/Y (INVX1)                       715952.00  6721992.00 f
  U280/Y (NAND2X1)                     1285880.00 8007872.00 r
  U203/Y (AND2X1)                      1818728.00 9826600.00 r
  U204/Y (INVX1)                       708152.00  10534752.00 f
  U247/Y (XNOR2X1)                     6580928.00 17115680.00 f
  U248/Y (INVX1)                       -1193440.00
                                                  15922240.00 r
  U237/Y (XNOR2X1)                     5854072.00 21776312.00 r
  U238/Y (INVX1)                       820384.00  22596696.00 f
  U114/Y (AND2X1)                      2034864.00 24631560.00 f
  U115/Y (INVX1)                       -1187544.00
                                                  23444016.00 r
  U546/Y (AND2X1)                      2199072.00 25643088.00 r
  U547/Y (INVX1)                       708024.00  26351112.00 f
  U456/Y (XNOR2X1)                     6007064.00 32358176.00 f
  U457/Y (INVX1)                       -1219784.00
                                                  31138392.00 r
  U173/Y (AND2X1)                      1881856.00 33020248.00 r
  U174/Y (INVX1)                       705216.00  33725464.00 f
  U324/Y (AND2X1)                      2458048.00 36183512.00 f
  U325/Y (INVX1)                       -1175528.00
                                                  35007984.00 r
  U239/Y (XNOR2X1)                     5856824.00 40864808.00 r
  U240/Y (INVX1)                       819216.00  41684024.00 f
  U646/Y (OR2X1)                       2117984.00 43802008.00 f
  U647/Y (NAND2X1)                     876472.00  44678480.00 r
  U458/Y (XNOR2X1)                     6404544.00 51083024.00 r
  U295/Y (AND2X1)                      1824072.00 52907096.00 r
  U296/Y (INVX1)                       707708.00  53614804.00 f
  U274/Y (NAND2X1)                     1285632.00 54900436.00 r
  U464/Y (AND2X1)                      1830436.00 56730872.00 r
  U251/Y (AND2X1)                      1836564.00 58567436.00 r
  U252/Y (INVX1)                       707808.00  59275244.00 f
  U586/Y (AND2X1)                      2458052.00 61733296.00 f
  U587/Y (INVX1)                       -1151056.00
                                                  60582240.00 r
  U671/Y (OR2X1)                       1651520.00 62233760.00 r
  U306/Y (AND2X1)                      2196872.00 64430632.00 r
  U307/Y (INVX1)                       708524.00  65139156.00 f
  U672/Y (NAND2X1)                     1285768.00 66424924.00 r
  U608/Y (AND2X1)                      1830436.00 68255360.00 r
  U609/Y (INVX1)                       713024.00  68968384.00 f
  U723/Y (NAND2X1)                     1286072.00 70254456.00 r
  U604/Y (OR2X1)                       1556888.00 71811344.00 r
  U558/Y (XNOR2X1)                     6290016.00 78101360.00 r
  U283/Y (AND2X1)                      1823760.00 79925120.00 r
  U284/Y (INVX1)                       707568.00  80632688.00 f
  U594/Y (AND2X1)                      2460944.00 83093632.00 f
  U742/Y (NOR2X1)                      1216384.00 84310016.00 r
  U211/Y (AND2X1)                      1834064.00 86144080.00 r
  U212/Y (INVX1)                       707992.00  86852072.00 f
  U408/Y (AND2X1)                      2034888.00 88886960.00 f
  U409/Y (INVX1)                       -1175104.00
                                                  87711856.00 r
  U428/Y (AND2X1)                      1881336.00 89593192.00 r
  U429/Y (INVX1)                       707696.00  90300888.00 f
  U364/Y (AND2X1)                      2458080.00 92758968.00 f
  U365/Y (INVX1)                       -1187232.00
                                                  91571736.00 r
  U751/Y (NOR2X1)                      558488.00  92130224.00 f
  U596/Y (AND2X1)                      2446832.00 94577056.00 f
  U154/Y (AND2X1)                      2427448.00 97004504.00 f
  U155/Y (INVX1)                       -1385320.00
                                                  95619184.00 r
  U348/Y (AND2X1)                      1881968.00 97501152.00 r
  U349/Y (INVX1)                       714048.00  98215200.00 f
  U338/Y (AND2X1)                      2458080.00 100673280.00 f
  U339/Y (INVX1)                       -1187280.00
                                                  99486000.00 r
  U516/Y (AND2X1)                      1881832.00 101367832.00 r
  U517/Y (INVX1)                       707808.00  102075640.00 f
  U118/Y (AND2X1)                      2458056.00 104533696.00 f
  U119/Y (INVX1)                       -1187424.00
                                                  103346272.00 r
  U330/Y (AND2X1)                      2199072.00 105545344.00 r
  U331/Y (INVX1)                       707584.00  106252928.00 f
  U282/Y (NAND2X1)                     918856.00  107171784.00 r
  U756/Y (NAND2X1)                     848296.00  108020080.00 f
  U544/Y (AND2X1)                      2044136.00 110064216.00 f
  U545/Y (INVX1)                       -1327728.00
                                                  108736488.00 r
  U759/Y (OR2X1)                       1639528.00 110376016.00 r
  U540/Y (AND2X1)                      2196824.00 112572840.00 r
  U541/Y (INVX1)                       708320.00  113281160.00 f
  U760/Y (NOR2X1)                      1151512.00 114432672.00 r
  out[0] (out)                             0.00   114432672.00 r
  data arrival time                               114432672.00

  clock clk (rise edge)                200000000.00
                                                  200000000.00
  clock network delay (ideal)              0.00   200000000.00
  clock reconvergence pessimism            0.00   200000000.00
  output external delay                    0.00   200000000.00
  data required time                              200000000.00
  ---------------------------------------------------------------
  data required time                              200000000.00
  data arrival time                               -114432672.00
  ---------------------------------------------------------------
  slack (MET)                                     85567328.00


1
