 
****************************************
Report : timing
        -path full
        -delay max
        -max_paths 1
Design : top
Version: S-2021.06-SP2
Date   : Fri May 31 15:09:58 2024
****************************************

Operating Conditions: TT   Library: PPDK_Standard_Library_1.0V_25C_TYP_X1
Wire Load Model Mode: top

  Startpoint: inp[6] (input port clocked by clk)
  Endpoint: out[0] (output port clocked by clk)
  Path Group: clk
  Path Type: max

  Point                                    Incr       Path
  -----------------------------------------------------------
  clock clk (rise edge)                    0.00       0.00
  clock network delay (ideal)              0.00       0.00
  input external delay                     0.00       0.00 r
  inp[6] (in)                              0.00       0.00 r
  U574/Y (AND2X1)                      2207109.00 2207109.00 r
  U575/Y (INVX1)                       705440.50  2912549.50 f
  U618/Y (NAND2X1)                     918764.25  3831313.75 r
  U318/Y (AND2X1)                      2174743.25 6006057.00 r
  U319/Y (INVX1)                       715947.00  6722004.00 f
  U280/Y (NAND2X1)                     1285884.00 8007888.00 r
  U203/Y (AND2X1)                      1818723.00 9826611.00 r
  U204/Y (INVX1)                       708151.00  10534762.00 f
  U247/Y (XNOR2X1)                     6580932.00 17115694.00 f
  U248/Y (INVX1)                       -1193444.00
                                                  15922250.00 r
  U237/Y (XNOR2X1)                     5854072.00 21776322.00 r
  U238/Y (INVX1)                       820386.00  22596708.00 f
  U114/Y (AND2X1)                      2034866.00 24631574.00 f
  U115/Y (INVX1)                       -1187546.00
                                                  23444028.00 r
  U546/Y (AND2X1)                      2199080.00 25643108.00 r
  U547/Y (INVX1)                       708024.00  26351132.00 f
  U456/Y (XNOR2X1)                     6007062.00 32358194.00 f
  U457/Y (INVX1)                       -1219774.00
                                                  31138420.00 r
  U173/Y (AND2X1)                      1881856.00 33020276.00 r
  U174/Y (INVX1)                       705216.00  33725492.00 f
  U324/Y (AND2X1)                      2458052.00 36183544.00 f
  U325/Y (INVX1)                       -1175520.00
                                                  35008024.00 r
  U239/Y (XNOR2X1)                     5856824.00 40864848.00 r
  U240/Y (INVX1)                       819212.00  41684060.00 f
  U646/Y (OR2X1)                       2117980.00 43802040.00 f
  U647/Y (NAND2X1)                     876480.00  44678520.00 r
  U458/Y (XNOR2X1)                     6404560.00 51083080.00 r
  U295/Y (AND2X1)                      1824064.00 52907144.00 r
  U296/Y (INVX1)                       707708.00  53614852.00 f
  U274/Y (NAND2X1)                     1285632.00 54900484.00 r
  U464/Y (AND2X1)                      1830428.00 56730912.00 r
  U251/Y (AND2X1)                      1836560.00 58567472.00 r
  U252/Y (INVX1)                       707804.00  59275276.00 f
  U586/Y (AND2X1)                      2458052.00 61733328.00 f
  U587/Y (INVX1)                       -1151064.00
                                                  60582264.00 r
  U671/Y (OR2X1)                       1651520.00 62233784.00 r
  U306/Y (AND2X1)                      2196876.00 64430660.00 r
  U307/Y (INVX1)                       708524.00  65139184.00 f
  U672/Y (NAND2X1)                     1285768.00 66424952.00 r
  U608/Y (AND2X1)                      1830472.00 68255424.00 r
  U609/Y (INVX1)                       713024.00  68968448.00 f
  U723/Y (NAND2X1)                     1286072.00 70254520.00 r
  U604/Y (OR2X1)                       1556888.00 71811408.00 r
  U558/Y (XNOR2X1)                     6290048.00 78101456.00 r
  U283/Y (AND2X1)                      1823744.00 79925200.00 r
  U284/Y (INVX1)                       707576.00  80632776.00 f
  U594/Y (AND2X1)                      2460944.00 83093720.00 f
  U742/Y (NOR2X1)                      1216360.00 84310080.00 r
  U211/Y (AND2X1)                      1834056.00 86144136.00 r
  U212/Y (INVX1)                       707984.00  86852120.00 f
  U408/Y (AND2X1)                      2034888.00 88887008.00 f
  U409/Y (INVX1)                       -1175096.00
                                                  87711912.00 r
  U428/Y (AND2X1)                      1881336.00 89593248.00 r
  U429/Y (INVX1)                       707696.00  90300944.00 f
  U364/Y (AND2X1)                      2458072.00 92759016.00 f
  U365/Y (INVX1)                       -1187232.00
                                                  91571784.00 r
  U751/Y (NOR2X1)                      558488.00  92130272.00 f
  U596/Y (AND2X1)                      2446832.00 94577104.00 f
  U154/Y (AND2X1)                      2427440.00 97004544.00 f
  U155/Y (INVX1)                       -1385280.00
                                                  95619264.00 r
  U348/Y (AND2X1)                      1881960.00 97501224.00 r
  U349/Y (INVX1)                       714048.00  98215272.00 f
  U338/Y (AND2X1)                      2458080.00 100673352.00 f
  U339/Y (INVX1)                       -1187272.00
                                                  99486080.00 r
  U516/Y (AND2X1)                      1881840.00 101367920.00 r
  U517/Y (INVX1)                       707808.00  102075728.00 f
  U118/Y (AND2X1)                      2458048.00 104533776.00 f
  U119/Y (INVX1)                       -1187424.00
                                                  103346352.00 r
  U330/Y (AND2X1)                      2199080.00 105545432.00 r
  U331/Y (INVX1)                       707584.00  106253016.00 f
  U282/Y (NAND2X1)                     918856.00  107171872.00 r
  U756/Y (NAND2X1)                     848288.00  108020160.00 f
  U544/Y (AND2X1)                      2044144.00 110064304.00 f
  U545/Y (INVX1)                       -1327720.00
                                                  108736584.00 r
  U759/Y (OR2X1)                       1639536.00 110376120.00 r
  U540/Y (AND2X1)                      2196824.00 112572944.00 r
  U541/Y (INVX1)                       708320.00  113281264.00 f
  U760/Y (NOR2X1)                      1151512.00 114432776.00 r
  out[0] (out)                             0.00   114432776.00 r
  data arrival time                               114432776.00

  clock clk (rise edge)                200000000.00
                                                  200000000.00
  clock network delay (ideal)              0.00   200000000.00
  output external delay                    0.00   200000000.00
  data required time                              200000000.00
  -----------------------------------------------------------
  data required time                              200000000.00
  data arrival time                               -114432776.00
  -----------------------------------------------------------
  slack (MET)                                     85567224.00


1
