Information: Updating design information... (UID-85)
 
****************************************
Report : qor
Design : top
Version: S-2021.06-SP2
Date   : Fri May 31 15:09:58 2024
****************************************


  Timing Path Group 'clk'
  -----------------------------------
  Levels of Logic:              78.00
  Critical Path Length:  114432776.00
  Critical Path Slack:    85567224.00
  Critical Path Clk Period:
                         200000000.00
  Total Negative Slack:          0.00
  No. of Violating Paths:        0.00
  Worst Hold Violation:          0.00
  Total Hold Violation:          0.00
  No. of Hold Violations:        0.00
  -----------------------------------


  Cell Count
  -----------------------------------
  Hierarchical Cell Count:          0
  Hierarchical Port Count:          0
  Leaf Cell Count:                652
  Buf/Inv Cell Count:             274
  Buf Cell Count:                   0
  Inv Cell Count:                 274
  CT Buf/Inv Cell Count:            0
  Combinational Cell Count:       652
  Sequential Cell Count:            0
  Macro Count:                      0
  -----------------------------------


  Area
  -----------------------------------
  Combinational Area:
                     243659478.000000
  Noncombinational Area:     0.000000
  Buf/Inv Area:       62587080.000000
  Total Buffer Area:             0.00
  Total Inverter Area:    62587080.00
  Macro/Black Box Area:      0.000000
  Net Area:                  0.000000
  -----------------------------------
  Cell Area:         243659478.000000
  Design Area:       243659478.000000


  Design Rules
  -----------------------------------
  Total Number of Nets:           680
  Nets With Violations:           651
  Max Trans Violations:           651
  Max Cap Violations:               0
  -----------------------------------


  Hostname: kamino.ceid.upatras.gr

  Compile CPU Statistics
  -----------------------------------------
  Resource Sharing:                    0.33
  Logic Optimization:                  0.03
  Mapping Optimization:                0.53
  -----------------------------------------
  Overall Compile Time:                1.98
  Overall Compile Wall Clock Time:     2.38

  --------------------------------------------------------------------

  Design  WNS: 0.00  TNS: 0.00  Number of Violating Paths: 0


  Design (Hold)  WNS: 0.00  TNS: 0.00  Number of Violating Paths: 0

  --------------------------------------------------------------------


1
