 
****************************************
Report : timing
        -path full
        -delay max
        -max_paths 1
Design : top
Version: S-2021.06-SP2
Date   : Fri May 31 16:44:53 2024
****************************************

Operating Conditions: TT   Library: PPDK_Standard_Library_1.0V_25C_TYP_X1
Wire Load Model Mode: top

  Startpoint: inp[5] (input port clocked by clk)
  Endpoint: out[0] (output port clocked by clk)
  Path Group: clk
  Path Type: max

  Point                                    Incr       Path
  -----------------------------------------------------------
  clock clk (rise edge)                    0.00       0.00
  clock network delay (ideal)              0.00       0.00
  input external delay                     0.00       0.00 f
  inp[5] (in)                              0.00       0.00 f
  U430/Y (INVX1)                       576232.88  576232.88 r
  U113/Y (AND2X1)                      2198660.00 2774893.00 r
  U114/Y (INVX1)                       707942.25  3482835.25 f
  U207/Y (AND2X1)                      2034889.25 5517724.50 f
  U208/Y (INVX1)                       -1185199.00
                                                  4332525.50 r
  U338/Y (AND2X1)                      2199078.50 6531604.00 r
  U339/Y (INVX1)                       707806.00  7239410.00 f
  U431/Y (OR2X1)                       2117891.00 9357301.00 f
  U348/Y (AND2X1)                      2436824.00 11794125.00 f
  U349/Y (INVX1)                       -1343637.00
                                                  10450488.00 r
  U115/Y (AND2X1)                      1881932.00 12332420.00 r
  U116/Y (INVX1)                       707942.00  13040362.00 f
  U235/Y (AND2X1)                      2458052.00 15498414.00 f
  U236/Y (INVX1)                       -1175514.00
                                                  14322900.00 r
  U402/Y (XNOR2X1)                     5961478.00 20284378.00 r
  U403/Y (INVX1)                       783514.00  21067892.00 f
  U459/Y (NAND2X1)                     1357308.00 22425200.00 r
  U386/Y (INVX1)                       911194.00  23336394.00 f
  U387/Y (INVX1)                       446268.00  23782662.00 r
  U460/Y (NAND2X1)                     1053898.00 24836560.00 f
  U122/Y (XNOR2X1)                     6608784.00 31445344.00 f
  U123/Y (INVX1)                       -1193390.00
                                                  30251954.00 r
  U249/Y (AND2X1)                      1880868.00 32132822.00 r
  U250/Y (INVX1)                       708376.00  32841198.00 f
  U300/Y (AND2X1)                      2037082.00 34878280.00 f
  U259/Y (AND2X1)                      2051608.00 36929888.00 f
  U260/Y (INVX1)                       -1360936.00
                                                  35568952.00 r
  U284/Y (AND2X1)                      2202040.00 37770992.00 r
  U285/Y (INVX1)                       712236.00  38483228.00 f
  U201/Y (AND2X1)                      2458080.00 40941308.00 f
  U202/Y (INVX1)                       -1187280.00
                                                  39754028.00 r
  U255/Y (AND2X1)                      1881836.00 41635864.00 r
  U256/Y (INVX1)                       708316.00  42344180.00 f
  U384/Y (AND2X1)                      2458076.00 44802256.00 f
  U385/Y (INVX1)                       -1162856.00
                                                  43639400.00 r
  U414/Y (AND2X1)                      2201472.00 45840872.00 r
  U415/Y (INVX1)                       712840.00  46553712.00 f
  U408/Y (AND2X1)                      2460880.00 49014592.00 f
  U233/Y (AND2X1)                      2051612.00 51066204.00 f
  U234/Y (INVX1)                       -1187420.00
                                                  49878784.00 r
  U286/Y (AND2X1)                      2201984.00 52080768.00 r
  U144/Y (AND2X1)                      1836560.00 53917328.00 r
  U145/Y (INVX1)                       707868.00  54625196.00 f
  U261/Y (AND2X1)                      2458052.00 57083248.00 f
  U262/Y (INVX1)                       -1187452.00
                                                  55895796.00 r
  U39/Y (AND2X1)                       1881836.00 57777632.00 r
  U40/Y (INVX1)                        707648.00  58485280.00 f
  U508/Y (NOR2X1)                      1157496.00 59642776.00 r
  U239/Y (AND2X1)                      1842632.00 61485408.00 r
  U240/Y (INVX1)                       707772.00  62193180.00 f
  U421/Y (AND2X1)                      2463792.00 64656972.00 f
  U422/Y (INVX1)                       -1154140.00
                                                  63502832.00 r
  U41/Y (AND2X1)                       2198496.00 65701328.00 r
  U42/Y (INVX1)                        707772.00  66409100.00 f
  U511/Y (AND2X1)                      1864756.00 68273856.00 f
  U512/Y (NAND2X1)                     862856.00  69136712.00 r
  U276/Y (AND2X1)                      1818664.00 70955376.00 r
  U277/Y (INVX1)                       707808.00  71663184.00 f
  U513/Y (NOR2X1)                      1157560.00 72820744.00 r
  U227/Y (AND2X1)                      2183848.00 75004592.00 r
  U228/Y (INVX1)                       712544.00  75717136.00 f
  U520/Y (NAND2X1)                     918856.00  76635992.00 r
  U360/Y (AND2X1)                      1818776.00 78454768.00 r
  U361/Y (INVX1)                       707808.00  79162576.00 f
  U523/Y (NAND2X1)                     1285776.00 80448352.00 r
  U245/Y (AND2X1)                      1818744.00 82267096.00 r
  U246/Y (INVX1)                       715560.00  82982656.00 f
  U372/Y (AND2X1)                      2034872.00 85017528.00 f
  U373/Y (INVX1)                       -1327704.00
                                                  83689824.00 r
  U528/Y (OR2X1)                       1639536.00 85329360.00 r
  U253/Y (AND2X1)                      2196832.00 87526192.00 r
  U254/Y (INVX1)                       708544.00  88234736.00 f
  U62/Y (NOR2X1)                       1157576.00 89392312.00 r
  U530/Y (NOR2X1)                      145616.00  89537928.00 f
  out[0] (out)                             0.00   89537928.00 f
  data arrival time                               89537928.00

  clock clk (rise edge)                200000000.00
                                                  200000000.00
  clock network delay (ideal)              0.00   200000000.00
  output external delay                    0.00   200000000.00
  data required time                              200000000.00
  -----------------------------------------------------------
  data required time                              200000000.00
  data arrival time                               -89537928.00
  -----------------------------------------------------------
  slack (MET)                                     110462072.00


1
