****************************************
Report : timing
	-path_type full
	-delay_type max
	-max_paths 1
	-sort_by slack
Design : top
Version: T-2022.03-SP5
Date   : Fri May 31 16:44:57 2024
****************************************


  Startpoint: inp[5] (input port clocked by clk)
  Endpoint: out[0] (output port clocked by clk)
  Path Group: clk
  Path Type: max

  Point                                    Incr       Path
  ---------------------------------------------------------------
  clock clk (rise edge)                    0.00       0.00
  clock network delay (ideal)              0.00       0.00
  input external delay                     0.00       0.00 f
  inp[5] (in)                              0.00       0.00 f
  U430/Y (INVX1)                       576232.00  576232.00 r
  U113/Y (AND2X1)                      2198656.00 2774888.00 r
  U114/Y (INVX1)                       707944.00  3482832.00 f
  U207/Y (AND2X1)                      2034888.00 5517720.00 f
  U208/Y (INVX1)                       -1185192.00
                                                  4332528.00 r
  U338/Y (AND2X1)                      2199072.00 6531600.00 r
  U339/Y (INVX1)                       707808.00  7239408.00 f
  U431/Y (OR2X1)                       2117888.00 9357296.00 f
  U348/Y (AND2X1)                      2436832.00 11794128.00 f
  U349/Y (INVX1)                       -1343640.00
                                                  10450488.00 r
  U115/Y (AND2X1)                      1881936.00 12332424.00 r
  U116/Y (INVX1)                       707944.00  13040368.00 f
  U235/Y (AND2X1)                      2458048.00 15498416.00 f
  U236/Y (INVX1)                       -1175520.00
                                                  14322896.00 r
  U402/Y (XNOR2X1)                     5961496.00 20284392.00 r
  U403/Y (INVX1)                       783512.00  21067904.00 f
  U459/Y (NAND2X1)                     1357312.00 22425216.00 r
  U386/Y (INVX1)                       911200.00  23336416.00 f
  U387/Y (INVX1)                       446264.00  23782680.00 r
  U460/Y (NAND2X1)                     1053900.00 24836580.00 f
  U122/Y (XNOR2X1)                     6608756.00 31445336.00 f
  U123/Y (INVX1)                       -1193380.00
                                                  30251956.00 r
  U249/Y (AND2X1)                      1880868.00 32132824.00 r
  U250/Y (INVX1)                       708376.00  32841200.00 f
  U300/Y (AND2X1)                      2037080.00 34878280.00 f
  U259/Y (AND2X1)                      2051604.00 36929884.00 f
  U260/Y (INVX1)                       -1360948.00
                                                  35568936.00 r
  U284/Y (AND2X1)                      2202056.00 37770992.00 r
  U285/Y (INVX1)                       712232.00  38483224.00 f
  U201/Y (AND2X1)                      2458080.00 40941304.00 f
  U202/Y (INVX1)                       -1187296.00
                                                  39754008.00 r
  U255/Y (AND2X1)                      1881840.00 41635848.00 r
  U256/Y (INVX1)                       708316.00  42344164.00 f
  U384/Y (AND2X1)                      2458076.00 44802240.00 f
  U385/Y (INVX1)                       -1162864.00
                                                  43639376.00 r
  U414/Y (AND2X1)                      2201488.00 45840864.00 r
  U415/Y (INVX1)                       712836.00  46553700.00 f
  U408/Y (AND2X1)                      2460880.00 49014580.00 f
  U233/Y (AND2X1)                      2051604.00 51066184.00 f
  U234/Y (INVX1)                       -1187420.00
                                                  49878764.00 r
  U286/Y (AND2X1)                      2202000.00 52080764.00 r
  U144/Y (AND2X1)                      1836564.00 53917328.00 r
  U145/Y (INVX1)                       707868.00  54625196.00 f
  U261/Y (AND2X1)                      2458052.00 57083248.00 f
  U262/Y (INVX1)                       -1187468.00
                                                  55895780.00 r
  U39/Y (AND2X1)                       1881836.00 57777616.00 r
  U40/Y (INVX1)                        707648.00  58485264.00 f
  U508/Y (NOR2X1)                      1157496.00 59642760.00 r
  U239/Y (AND2X1)                      1842632.00 61485392.00 r
  U240/Y (INVX1)                       707776.00  62193168.00 f
  U421/Y (AND2X1)                      2463792.00 64656960.00 f
  U422/Y (INVX1)                       -1154136.00
                                                  63502824.00 r
  U41/Y (AND2X1)                       2198496.00 65701320.00 r
  U42/Y (INVX1)                        707772.00  66409092.00 f
  U511/Y (AND2X1)                      1864756.00 68273848.00 f
  U512/Y (NAND2X1)                     862848.00  69136696.00 r
  U276/Y (AND2X1)                      1818672.00 70955368.00 r
  U277/Y (INVX1)                       707808.00  71663176.00 f
  U513/Y (NOR2X1)                      1157560.00 72820736.00 r
  U227/Y (AND2X1)                      2183824.00 75004560.00 r
  U228/Y (INVX1)                       712544.00  75717104.00 f
  U520/Y (NAND2X1)                     918864.00  76635968.00 r
  U360/Y (AND2X1)                      1818784.00 78454752.00 r
  U361/Y (INVX1)                       707808.00  79162560.00 f
  U523/Y (NAND2X1)                     1285768.00 80448328.00 r
  U245/Y (AND2X1)                      1818760.00 82267088.00 r
  U246/Y (INVX1)                       715568.00  82982656.00 f
  U372/Y (AND2X1)                      2034872.00 85017528.00 f
  U373/Y (INVX1)                       -1327720.00
                                                  83689808.00 r
  U528/Y (OR2X1)                       1639536.00 85329344.00 r
  U253/Y (AND2X1)                      2196816.00 87526160.00 r
  U254/Y (INVX1)                       708544.00  88234704.00 f
  U62/Y (NOR2X1)                       1157576.00 89392280.00 r
  U530/Y (NOR2X1)                      145616.00  89537896.00 f
  out[0] (out)                             0.00   89537896.00 f
  data arrival time                               89537896.00

  clock clk (rise edge)                200000000.00
                                                  200000000.00
  clock network delay (ideal)              0.00   200000000.00
  clock reconvergence pessimism            0.00   200000000.00
  output external delay                    0.00   200000000.00
  data required time                              200000000.00
  ---------------------------------------------------------------
  data required time                              200000000.00
  data arrival time                               -89537896.00
  ---------------------------------------------------------------
  slack (MET)                                     110462104.00


1
