****************************************
Report : Averaged Power
Design : top
Version: T-2022.03-SP5
Date   : Fri May 31 22:21:00 2024
****************************************



  Attributes
  ----------
      i  -  Including register clock pin internal power
      u  -  User defined power group

                        Internal  Switching  Leakage    Total
Power Group             Power     Power      Power      Power   (     %)  Attrs
--------------------------------------------------------------------------------
clock_network              0.0000    0.0000    0.0000    0.0000 ( 0.00%)  i
register                   0.0000    0.0000    0.0000    0.0000 ( 0.00%)  
combinational           8.098e-04 6.422e-06    0.0238    0.0246 (100.00%) 
sequential                 0.0000    0.0000    0.0000    0.0000 ( 0.00%)  
memory                     0.0000    0.0000    0.0000    0.0000 ( 0.00%)  
io_pad                     0.0000    0.0000    0.0000    0.0000 ( 0.00%)  
black_box                  0.0000    0.0000    0.0000    0.0000 ( 0.00%)  

  Net Switching Power  = 6.422e-06   ( 0.03%)
  Cell Internal Power  = 8.098e-04   ( 3.29%)
  Cell Leakage Power   =    0.0238   (96.69%)
                         ---------
Total Power            =    0.0246  (100.00%)

1
