Information: Updating design information... (UID-85)
 
****************************************
Report : qor
Design : top
Version: S-2021.06-SP2
Date   : Fri May 31 22:20:46 2024
****************************************


  Timing Path Group 'clk'
  -----------------------------------
  Levels of Logic:             103.00
  Critical Path Length:  149662192.00
  Critical Path Slack:    50337808.00
  Critical Path Clk Period:
                         200000000.00
  Total Negative Slack:          0.00
  No. of Violating Paths:        0.00
  Worst Hold Violation:          0.00
  Total Hold Violation:          0.00
  No. of Hold Violations:        0.00
  -----------------------------------


  Cell Count
  -----------------------------------
  Hierarchical Cell Count:          0
  Hierarchical Port Count:          0
  Leaf Cell Count:               2202
  Buf/Inv Cell Count:             615
  Buf Cell Count:                   0
  Inv Cell Count:                 615
  CT Buf/Inv Cell Count:            0
  Combinational Cell Count:      2202
  Sequential Cell Count:            0
  Macro Count:                      0
  -----------------------------------


  Area
  -----------------------------------
  Combinational Area:
                     745330168.000000
  Noncombinational Area:     0.000000
  Buf/Inv Area:      140478300.000000
  Total Buffer Area:             0.00
  Total Inverter Area:   140478300.00
  Macro/Black Box Area:      0.000000
  Net Area:                  0.000000
  -----------------------------------
  Cell Area:         745330168.000000
  Design Area:       745330168.000000


  Design Rules
  -----------------------------------
  Total Number of Nets:          2286
  Nets With Violations:          2201
  Max Trans Violations:          2201
  Max Cap Violations:               0
  -----------------------------------


  Hostname: kamino.ceid.upatras.gr

  Compile CPU Statistics
  -----------------------------------------
  Resource Sharing:                    0.75
  Logic Optimization:                  0.08
  Mapping Optimization:                1.05
  -----------------------------------------
  Overall Compile Time:                5.85
  Overall Compile Wall Clock Time:     6.29

  --------------------------------------------------------------------

  Design  WNS: 0.00  TNS: 0.00  Number of Violating Paths: 0


  Design (Hold)  WNS: 0.00  TNS: 0.00  Number of Violating Paths: 0

  --------------------------------------------------------------------


1
