****************************************
Report : timing
	-path_type full
	-delay_type max
	-max_paths 1
	-sort_by slack
Design : top
Version: T-2022.03-SP5
Date   : Fri May 31 22:20:51 2024
****************************************


  Startpoint: inp[4] (input port clocked by clk)
  Endpoint: out[0] (output port clocked by clk)
  Path Group: clk
  Path Type: max

  Point                                    Incr       Path
  ---------------------------------------------------------------
  clock clk (rise edge)                    0.00       0.00
  clock network delay (ideal)              0.00       0.00
  input external delay                     0.00       0.00 r
  inp[4] (in)                              0.00       0.00 r
  U301/Y (AND2X1)                      2207104.00 2207104.00 r
  U302/Y (INVX1)                       705440.00  2912544.00 f
  U1222/Y (NAND2X1)                    918768.00  3831312.00 r
  U1223/Y (NAND2X1)                    1230384.00 5061696.00 f
  U1224/Y (NAND2X1)                    886976.00  5948672.00 r
  U243/Y (AND2X1)                      1818768.00 7767440.00 r
  U244/Y (INVX1)                       725120.00  8492560.00 f
  U1231/Y (NAND2X1)                    920752.00  9413312.00 r
  U1232/Y (NAND2X1)                    1126576.00 10539888.00 f
  U1233/Y (NAND2X1)                    1752608.00 12292496.00 r
  U1246/Y (INVX1)                      1101456.00 13393952.00 f
  U1247/Y (NAND2X1)                    924992.00  14318944.00 r
  U136/Y (AND2X1)                      2165464.00 16484408.00 r
  U137/Y (INVX1)                       718528.00  17202936.00 f
  U1248/Y (NAND2X1)                    1752760.00 18955696.00 r
  U1249/Y (INVX1)                      1216880.00 20172576.00 f
  U1251/Y (NAND2X1)                    1289856.00 21462432.00 r
  U84/Y (AND2X1)                       2174536.00 23636968.00 r
  U85/Y (INVX1)                        715792.00  24352760.00 f
  U637/Y (XNOR2X1)                     6588416.00 30941176.00 f
  U1577/Y (XOR2X1)                     5545904.00 36487080.00 r
  U1579/Y (NAND2X1)                    847944.00  37335024.00 f
  U1620/Y (NAND2X1)                    1399328.00 38734352.00 r
  U399/Y (XNOR2X1)                     6460392.00 45194744.00 r
  U400/Y (INVX1)                       823376.00  46018120.00 f
  U375/Y (NAND2X1)                     1285536.00 47303656.00 r
  U1622/Y (NAND2X1)                    929312.00  48232968.00 f
  U351/Y (INVX1)                       223656.00  48456624.00 r
  U352/Y (INVX1)                       646944.00  49103568.00 f
  U1623/Y (NAND2X1)                    1286256.00 50389824.00 r
  U497/Y (AND2X1)                      1818648.00 52208472.00 r
  U498/Y (INVX1)                       715904.00  52924376.00 f
  U1627/Y (NAND2X1)                    1362952.00 54287328.00 r
  U1631/Y (NAND2X1)                    1149696.00 55437024.00 f
  U1633/Y (NAND2X1)                    1398880.00 56835904.00 r
  U62/Y (AND2X1)                       2165128.00 59001032.00 r
  U63/Y (INVX1)                        718856.00  59719888.00 f
  U1634/Y (OR2X1)                      2117904.00 61837792.00 f
  U376/Y (NAND2X1)                     870680.00  62708472.00 r
  U1638/Y (NAND2X1)                    930376.00  63638848.00 f
  U1643/Y (INVX1)                      -549528.00 63089320.00 r
  U1644/Y (NAND2X1)                    1050472.00 64139792.00 f
  U409/Y (AND2X1)                      2044136.00 66183928.00 f
  U410/Y (INVX1)                       -1114240.00
                                                  65069688.00 r
  U1689/Y (NAND2X1)                    1053632.00 66123320.00 f
  U1690/Y (NOR2X1)                     1190328.00 67313648.00 r
  U547/Y (OR2X1)                       1628024.00 68941672.00 r
  U548/Y (INVX1)                       714928.00  69656600.00 f
  U606/Y (XNOR2X1)                     6588472.00 76245072.00 f
  U2079/Y (XOR2X1)                     5542936.00 81788008.00 r
  U2080/Y (OR2X1)                      2305048.00 84093056.00 r
  U182/Y (AND2X1)                      2199392.00 86292448.00 r
  U183/Y (INVX1)                       707696.00  87000144.00 f
  U2181/Y (XOR2X1)                     5929552.00 92929696.00 r
  U2182/Y (INVX1)                      1237296.00 94166992.00 f
  U2183/Y (NAND2X1)                    1289784.00 95456776.00 r
  U491/Y (AND2X1)                      1818744.00 97275520.00 r
  U492/Y (INVX1)                       715576.00  97991096.00 f
  U2187/Y (NAND2X1)                    1285624.00 99276720.00 r
  U2188/Y (NAND2X1)                    1126384.00 100403104.00 f
  U2190/Y (NAND2X1)                    1342768.00 101745872.00 r
  U2191/Y (INVX1)                      1069456.00 102815328.00 f
  U2193/Y (NAND2X1)                    1284384.00 104099712.00 r
  U511/Y (AND2X1)                      1819056.00 105918768.00 r
  U512/Y (INVX1)                       715840.00  106634608.00 f
  U2197/Y (NAND2X1)                    1285616.00 107920224.00 r
  U2198/Y (NAND2X1)                    1126432.00 109046656.00 f
  U2199/Y (NAND2X1)                    1394744.00 110441400.00 r
  U2200/Y (NAND2X1)                    1154712.00 111596112.00 f
  U2203/Y (NAND2X1)                    885264.00  112481376.00 r
  U2206/Y (OR2X1)                      2561792.00 115043168.00 r
  U2207/Y (NAND2X1)                    1219776.00 116262944.00 f
  U357/Y (INVX1)                       233056.00  116496000.00 r
  U358/Y (INVX1)                       666568.00  117162568.00 f
  U653/Y (INVX1)                       446760.00  117609328.00 r
  U2215/Y (NAND2X1)                    802008.00  118411336.00 f
  U503/Y (AND2X1)                      2044136.00 120455472.00 f
  U504/Y (INVX1)                       -1452792.00
                                                  119002680.00 r
  U2217/Y (NAND2X1)                    800400.00  119803080.00 f
  U2221/Y (NAND2X1)                    881208.00  120684288.00 r
  U2222/Y (NAND2X1)                    1154704.00 121838992.00 f
  U2223/Y (NAND2X1)                    885256.00  122724248.00 r
  U495/Y (AND2X1)                      1818360.00 124542608.00 r
  U496/Y (INVX1)                       715328.00  125257936.00 f
  U2228/Y (NAND2X1)                    918864.00  126176800.00 r
  U431/Y (AND2X1)                      1795424.00 127972224.00 r
  U432/Y (INVX1)                       707400.00  128679624.00 f
  U2230/Y (NAND2X1)                    1285640.00 129965264.00 r
  U2232/Y (NAND2X1)                    849360.00  130814624.00 f
  U2235/Y (NAND2X1)                    879600.00  131694224.00 r
  U501/Y (AND2X1)                      1795296.00 133489520.00 r
  U502/Y (INVX1)                       715800.00  134205320.00 f
  U2239/Y (NAND2X1)                    1291592.00 135496912.00 r
  U2243/Y (OR2X1)                      2339984.00 137836896.00 r
  U233/Y (AND2X1)                      2199712.00 140036608.00 r
  U234/Y (INVX1)                       707600.00  140744208.00 f
  U2251/Y (OR2X1)                      2115280.00 142859488.00 f
  U231/Y (AND2X1)                      2434384.00 145293872.00 f
  U232/Y (INVX1)                       -1327728.00
                                                  143966144.00 r
  U2258/Y (OR2X1)                      1639536.00 145605680.00 r
  U429/Y (AND2X1)                      2196816.00 147802496.00 r
  U430/Y (INVX1)                       708320.00  148510816.00 f
  U2259/Y (NOR2X1)                     1151520.00 149662336.00 r
  out[0] (out)                             0.00   149662336.00 r
  data arrival time                               149662336.00

  clock clk (rise edge)                200000000.00
                                                  200000000.00
  clock network delay (ideal)              0.00   200000000.00
  clock reconvergence pessimism            0.00   200000000.00
  output external delay                    0.00   200000000.00
  data required time                              200000000.00
  ---------------------------------------------------------------
  data required time                              200000000.00
  data arrival time                               -149662336.00
  ---------------------------------------------------------------
  slack (MET)                                     50337664.00


1
