 
****************************************
Report : timing
        -path full
        -delay max
        -max_paths 1
Design : top
Version: S-2021.06-SP2
Date   : Fri May 31 22:20:46 2024
****************************************

Operating Conditions: TT   Library: PPDK_Standard_Library_1.0V_25C_TYP_X1
Wire Load Model Mode: top

  Startpoint: inp[4] (input port clocked by clk)
  Endpoint: out[0] (output port clocked by clk)
  Path Group: clk
  Path Type: max

  Point                                    Incr       Path
  -----------------------------------------------------------
  clock clk (rise edge)                    0.00       0.00
  clock network delay (ideal)              0.00       0.00
  input external delay                     0.00       0.00 r
  inp[4] (in)                              0.00       0.00 r
  U301/Y (AND2X1)                      2207109.00 2207109.00 r
  U302/Y (INVX1)                       705440.50  2912549.50 f
  U1222/Y (NAND2X1)                    918765.00  3831314.50 r
  U1223/Y (NAND2X1)                    1230386.50 5061701.00 f
  U1224/Y (NAND2X1)                    886982.50  5948683.50 r
  U243/Y (AND2X1)                      1818766.50 7767450.00 r
  U244/Y (INVX1)                       725122.00  8492572.00 f
  U1231/Y (NAND2X1)                    920752.00  9413324.00 r
  U1232/Y (NAND2X1)                    1126567.00 10539891.00 f
  U1233/Y (NAND2X1)                    1752599.00 12292490.00 r
  U1246/Y (INVX1)                      1101472.00 13393962.00 f
  U1247/Y (NAND2X1)                    924991.00  14318953.00 r
  U136/Y (AND2X1)                      2165495.00 16484448.00 r
  U137/Y (INVX1)                       718522.00  17202970.00 f
  U1248/Y (NAND2X1)                    1752762.00 18955732.00 r
  U1249/Y (INVX1)                      1216880.00 20172612.00 f
  U1251/Y (NAND2X1)                    1289852.00 21462464.00 r
  U84/Y (AND2X1)                       2174560.00 23637024.00 r
  U85/Y (INVX1)                        715786.00  24352810.00 f
  U637/Y (XNOR2X1)                     6588416.00 30941226.00 f
  U1577/Y (XOR2X1)                     5545846.00 36487072.00 r
  U1579/Y (NAND2X1)                    847928.00  37335000.00 f
  U1620/Y (NAND2X1)                    1399320.00 38734320.00 r
  U399/Y (XNOR2X1)                     6460344.00 45194664.00 r
  U400/Y (INVX1)                       823372.00  46018036.00 f
  U375/Y (NAND2X1)                     1285536.00 47303572.00 r
  U1622/Y (NAND2X1)                    929300.00  48232872.00 f
  U351/Y (INVX1)                       223632.00  48456504.00 r
  U352/Y (INVX1)                       646944.00  49103448.00 f
  U1623/Y (NAND2X1)                    1286256.00 50389704.00 r
  U497/Y (AND2X1)                      1818644.00 52208348.00 r
  U498/Y (INVX1)                       715896.00  52924244.00 f
  U1627/Y (NAND2X1)                    1362952.00 54287196.00 r
  U1631/Y (NAND2X1)                    1149692.00 55436888.00 f
  U1633/Y (NAND2X1)                    1398884.00 56835772.00 r
  U62/Y (AND2X1)                       2165160.00 59000932.00 r
  U63/Y (INVX1)                        718852.00  59719784.00 f
  U1634/Y (OR2X1)                      2117900.00 61837684.00 f
  U376/Y (NAND2X1)                     870676.00  62708360.00 r
  U1638/Y (NAND2X1)                    930360.00  63638720.00 f
  U1643/Y (INVX1)                      -549528.00 63089192.00 r
  U1644/Y (NAND2X1)                    1050468.00 64139660.00 f
  U409/Y (AND2X1)                      2044140.00 66183800.00 f
  U410/Y (INVX1)                       -1114244.00
                                                  65069556.00 r
  U1689/Y (NAND2X1)                    1053632.00 66123188.00 f
  U1690/Y (NOR2X1)                     1190316.00 67313504.00 r
  U547/Y (OR2X1)                       1628024.00 68941528.00 r
  U548/Y (INVX1)                       714936.00  69656464.00 f
  U606/Y (XNOR2X1)                     6588472.00 76244936.00 f
  U2079/Y (XOR2X1)                     5542896.00 81787832.00 r
  U2080/Y (OR2X1)                      2305064.00 84092896.00 r
  U182/Y (AND2X1)                      2199400.00 86292296.00 r
  U183/Y (INVX1)                       707696.00  86999992.00 f
  U2181/Y (XOR2X1)                     5929544.00 92929536.00 r
  U2182/Y (INVX1)                      1237304.00 94166840.00 f
  U2183/Y (NAND2X1)                    1289784.00 95456624.00 r
  U491/Y (AND2X1)                      1818736.00 97275360.00 r
  U492/Y (INVX1)                       715568.00  97990928.00 f
  U2187/Y (NAND2X1)                    1285616.00 99276544.00 r
  U2188/Y (NAND2X1)                    1126400.00 100402944.00 f
  U2190/Y (NAND2X1)                    1342752.00 101745696.00 r
  U2191/Y (INVX1)                      1069448.00 102815144.00 f
  U2193/Y (NAND2X1)                    1284384.00 104099528.00 r
  U511/Y (AND2X1)                      1819048.00 105918576.00 r
  U512/Y (INVX1)                       715840.00  106634416.00 f
  U2197/Y (NAND2X1)                    1285616.00 107920032.00 r
  U2198/Y (NAND2X1)                    1126408.00 109046440.00 f
  U2199/Y (NAND2X1)                    1394760.00 110441200.00 r
  U2200/Y (NAND2X1)                    1154720.00 111595920.00 f
  U2203/Y (NAND2X1)                    885264.00  112481184.00 r
  U2206/Y (OR2X1)                      2561808.00 115042992.00 r
  U2207/Y (NAND2X1)                    1219776.00 116262768.00 f
  U357/Y (INVX1)                       233064.00  116495832.00 r
  U358/Y (INVX1)                       666568.00  117162400.00 f
  U653/Y (INVX1)                       446760.00  117609160.00 r
  U2215/Y (NAND2X1)                    802008.00  118411168.00 f
  U503/Y (AND2X1)                      2044136.00 120455304.00 f
  U504/Y (INVX1)                       -1452776.00
                                                  119002528.00 r
  U2217/Y (NAND2X1)                    800400.00  119802928.00 f
  U2221/Y (NAND2X1)                    881200.00  120684128.00 r
  U2222/Y (NAND2X1)                    1154728.00 121838856.00 f
  U2223/Y (NAND2X1)                    885256.00  122724112.00 r
  U495/Y (AND2X1)                      1818360.00 124542472.00 r
  U496/Y (INVX1)                       715320.00  125257792.00 f
  U2228/Y (NAND2X1)                    918856.00  126176648.00 r
  U431/Y (AND2X1)                      1795416.00 127972064.00 r
  U432/Y (INVX1)                       707400.00  128679464.00 f
  U2230/Y (NAND2X1)                    1285640.00 129965104.00 r
  U2232/Y (NAND2X1)                    849344.00  130814448.00 f
  U2235/Y (NAND2X1)                    879608.00  131694056.00 r
  U501/Y (AND2X1)                      1795288.00 133489344.00 r
  U502/Y (INVX1)                       715792.00  134205136.00 f
  U2239/Y (NAND2X1)                    1291584.00 135496720.00 r
  U2243/Y (OR2X1)                      2340016.00 137836736.00 r
  U233/Y (AND2X1)                      2199712.00 140036448.00 r
  U234/Y (INVX1)                       707600.00  140744048.00 f
  U2251/Y (OR2X1)                      2115280.00 142859328.00 f
  U231/Y (AND2X1)                      2434368.00 145293696.00 f
  U232/Y (INVX1)                       -1327712.00
                                                  143965984.00 r
  U2258/Y (OR2X1)                      1639536.00 145605520.00 r
  U429/Y (AND2X1)                      2196832.00 147802352.00 r
  U430/Y (INVX1)                       708320.00  148510672.00 f
  U2259/Y (NOR2X1)                     1151520.00 149662192.00 r
  out[0] (out)                             0.00   149662192.00 r
  data arrival time                               149662192.00

  clock clk (rise edge)                200000000.00
                                                  200000000.00
  clock network delay (ideal)              0.00   200000000.00
  output external delay                    0.00   200000000.00
  data required time                              200000000.00
  -----------------------------------------------------------
  data required time                              200000000.00
  data arrival time                               -149662192.00
  -----------------------------------------------------------
  slack (MET)                                     50337808.00


1
