 
****************************************
Report : timing
        -path full
        -delay max
        -max_paths 1
Design : top
Version: S-2021.06-SP2
Date   : Fri May 31 16:46:02 2024
****************************************

Operating Conditions: TT   Library: PPDK_Standard_Library_1.0V_25C_TYP_X1
Wire Load Model Mode: top

  Startpoint: inp[1] (input port clocked by clk)
  Endpoint: out[0] (output port clocked by clk)
  Path Group: clk
  Path Type: max

  Point                                    Incr       Path
  -----------------------------------------------------------
  clock clk (rise edge)                    0.00       0.00
  clock network delay (ideal)              0.00       0.00
  input external delay                     0.00       0.00 r
  inp[1] (in)                              0.00       0.00 r
  U482/Y (AND2X1)                      2207109.00 2207109.00 r
  U483/Y (INVX1)                       705440.50  2912549.50 f
  U518/Y (NAND2X1)                     918764.25  3831313.75 r
  U416/Y (AND2X1)                      2174743.25 6006057.00 r
  U417/Y (INVX1)                       715947.00  6722004.00 f
  U410/Y (AND2X1)                      2458032.00 9180036.00 f
  U411/Y (INVX1)                       -1187575.50
                                                  7992460.50 r
  U243/Y (AND2X1)                      1881836.50 9874297.00 r
  U244/Y (INVX1)                       708151.00  10582448.00 f
  U189/Y (XOR2X1)                      5588202.00 16170650.00 r
  U303/Y (XNOR2X1)                     6334692.00 22505342.00 r
  U304/Y (INVX1)                       775452.00  23280794.00 f
  U476/Y (XNOR2X1)                     6590920.00 29871714.00 f
  U259/Y (XNOR2X1)                     6632118.00 36503832.00 f
  U260/Y (INVX1)                       -1192588.00
                                                  35311244.00 r
  U249/Y (XNOR2X1)                     5854068.00 41165312.00 r
  U250/Y (INVX1)                       820388.00  41985700.00 f
  U239/Y (XNOR2X1)                     4354132.00 46339832.00 r
  U240/Y (INVX1)                       820204.00  47160036.00 f
  U548/Y (OR2X1)                       2117988.00 49278024.00 f
  U338/Y (AND2X1)                      2434340.00 51712364.00 f
  U339/Y (INVX1)                       -1327908.00
                                                  50384456.00 r
  U550/Y (OR2X1)                       1641276.00 52025732.00 r
  U392/Y (AND2X1)                      2196640.00 54222372.00 r
  U393/Y (INVX1)                       708376.00  54930748.00 f
  U231/Y (AND2X1)                      2458076.00 57388824.00 f
  U232/Y (INVX1)                       -1175020.00
                                                  56213804.00 r
  U564/Y (NOR2X1)                      917580.00  57131384.00 f
  U565/Y (INVX1)                       -289920.00 56841464.00 r
  U408/Y (AND2X1)                      2198676.00 59040140.00 r
  U409/Y (INVX1)                       707712.00  59747852.00 f
  U193/Y (AND2X1)                      2034876.00 61782728.00 f
  U194/Y (INVX1)                       -1187452.00
                                                  60595276.00 r
  U311/Y (AND2X1)                      1333120.00 61928396.00 r
  U309/Y (AND2X1)                      1861108.00 63789504.00 r
  U310/Y (INVX1)                       707568.00  64497072.00 f
  U388/Y (AND2X1)                      2034876.00 66531948.00 f
  U389/Y (INVX1)                       -1187268.00
                                                  65344680.00 r
  U318/Y (AND2X1)                      2199080.00 67543760.00 r
  U319/Y (INVX1)                       708032.00  68251792.00 f
  U575/Y (NOR2X1)                      1157608.00 69409400.00 r
  U368/Y (AND2X1)                      2182256.00 71591656.00 r
  U369/Y (INVX1)                       713064.00  72304720.00 f
  U576/Y (AND2X1)                      1871352.00 74176072.00 f
  U484/Y (XNOR2X1)                     6627264.00 80803336.00 f
  U485/Y (INVX1)                       -1169096.00
                                                  79634240.00 r
  U261/Y (XNOR2X1)                     5848416.00 85482656.00 r
  U262/Y (INVX1)                       822232.00  86304888.00 f
  U586/Y (NOR2X1)                      1157424.00 87462312.00 r
  U360/Y (AND2X1)                      2180512.00 89642824.00 r
  U361/Y (INVX1)                       713632.00  90356456.00 f
  U384/Y (AND2X1)                      2034872.00 92391328.00 f
  U385/Y (INVX1)                       -1187264.00
                                                  91204064.00 r
  U502/Y (AND2X1)                      2202000.00 93406064.00 r
  U503/Y (INVX1)                       712720.00  94118784.00 f
  U197/Y (AND2X1)                      2458032.00 96576816.00 f
  U198/Y (INVX1)                       -1187520.00
                                                  95389296.00 r
  U593/Y (NOR2X1)                      553824.00  95943120.00 f
  U594/Y (NAND2X1)                     890640.00  96833760.00 r
  U406/Y (AND2X1)                      1818752.00 98652512.00 r
  U407/Y (INVX1)                       707640.00  99360152.00 f
  U291/Y (NAND2X1)                     1285632.00 100645784.00 r
  U386/Y (AND2X1)                      1818776.00 102464560.00 r
  U387/Y (INVX1)                       707568.00  103172128.00 f
  U290/Y (NAND2X1)                     1285632.00 104457760.00 r
  U382/Y (AND2X1)                      1818776.00 106276536.00 r
  U383/Y (INVX1)                       715568.00  106992104.00 f
  U400/Y (AND2X1)                      2034872.00 109026976.00 f
  U401/Y (INVX1)                       -1340496.00
                                                  107686480.00 r
  U394/Y (AND2X1)                      1881928.00 109568408.00 r
  U395/Y (INVX1)                       708320.00  110276728.00 f
  U600/Y (NOR2X1)                      1157528.00 111434256.00 r
  U601/Y (NOR2X1)                      145832.00  111580088.00 f
  out[0] (out)                             0.00   111580088.00 f
  data arrival time                               111580088.00

  clock clk (rise edge)                200000000.00
                                                  200000000.00
  clock network delay (ideal)              0.00   200000000.00
  output external delay                    0.00   200000000.00
  data required time                              200000000.00
  -----------------------------------------------------------
  data required time                              200000000.00
  data arrival time                               -111580088.00
  -----------------------------------------------------------
  slack (MET)                                     88419912.00


1
