****************************************
Report : timing
	-path_type full
	-delay_type max
	-max_paths 1
	-sort_by slack
Design : top
Version: T-2022.03-SP5
Date   : Fri May 31 16:46:06 2024
****************************************


  Startpoint: inp[1] (input port clocked by clk)
  Endpoint: out[0] (output port clocked by clk)
  Path Group: clk
  Path Type: max

  Point                                    Incr       Path
  ---------------------------------------------------------------
  clock clk (rise edge)                    0.00       0.00
  clock network delay (ideal)              0.00       0.00
  input external delay                     0.00       0.00 r
  inp[1] (in)                              0.00       0.00 r
  U482/Y (AND2X1)                      2207112.00 2207112.00 r
  U483/Y (INVX1)                       705440.00  2912552.00 f
  U518/Y (NAND2X1)                     918768.00  3831320.00 r
  U416/Y (AND2X1)                      2174720.00 6006040.00 r
  U417/Y (INVX1)                       715952.00  6721992.00 f
  U410/Y (AND2X1)                      2458032.00 9180024.00 f
  U411/Y (INVX1)                       -1187592.00
                                                  7992432.00 r
  U243/Y (AND2X1)                      1881840.00 9874272.00 r
  U244/Y (INVX1)                       708152.00  10582424.00 f
  U189/Y (XOR2X1)                      5588200.00 16170624.00 r
  U303/Y (XNOR2X1)                     6334728.00 22505352.00 r
  U304/Y (INVX1)                       775456.00  23280808.00 f
  U476/Y (XNOR2X1)                     6590920.00 29871728.00 f
  U259/Y (XNOR2X1)                     6632064.00 36503792.00 f
  U260/Y (INVX1)                       -1192584.00
                                                  35311208.00 r
  U249/Y (XNOR2X1)                     5854072.00 41165280.00 r
  U250/Y (INVX1)                       820384.00  41985664.00 f
  U239/Y (XNOR2X1)                     4354132.00 46339796.00 r
  U240/Y (INVX1)                       820204.00  47160000.00 f
  U548/Y (OR2X1)                       2117988.00 49277988.00 f
  U338/Y (AND2X1)                      2434344.00 51712332.00 f
  U339/Y (INVX1)                       -1327932.00
                                                  50384400.00 r
  U550/Y (OR2X1)                       1641284.00 52025684.00 r
  U392/Y (AND2X1)                      2196632.00 54222316.00 r
  U393/Y (INVX1)                       708380.00  54930696.00 f
  U231/Y (AND2X1)                      2458076.00 57388772.00 f
  U232/Y (INVX1)                       -1175016.00
                                                  56213756.00 r
  U564/Y (NOR2X1)                      917576.00  57131332.00 f
  U565/Y (INVX1)                       -289920.00 56841412.00 r
  U408/Y (AND2X1)                      2198672.00 59040084.00 r
  U409/Y (INVX1)                       707716.00  59747800.00 f
  U193/Y (AND2X1)                      2034876.00 61782676.00 f
  U194/Y (INVX1)                       -1187468.00
                                                  60595208.00 r
  U311/Y (AND2X1)                      1333120.00 61928328.00 r
  U309/Y (AND2X1)                      1861112.00 63789440.00 r
  U310/Y (INVX1)                       707572.00  64497012.00 f
  U388/Y (AND2X1)                      2034876.00 66531888.00 f
  U389/Y (INVX1)                       -1187264.00
                                                  65344624.00 r
  U318/Y (AND2X1)                      2199072.00 67543696.00 r
  U319/Y (INVX1)                       708032.00  68251728.00 f
  U575/Y (NOR2X1)                      1157608.00 69409336.00 r
  U368/Y (AND2X1)                      2182240.00 71591576.00 r
  U369/Y (INVX1)                       713064.00  72304640.00 f
  U576/Y (AND2X1)                      1871352.00 74175992.00 f
  U484/Y (XNOR2X1)                     6627208.00 80803200.00 f
  U485/Y (INVX1)                       -1169088.00
                                                  79634112.00 r
  U261/Y (XNOR2X1)                     5848416.00 85482528.00 r
  U262/Y (INVX1)                       822240.00  86304768.00 f
  U586/Y (NOR2X1)                      1157424.00 87462192.00 r
  U360/Y (AND2X1)                      2180488.00 89642680.00 r
  U361/Y (INVX1)                       713632.00  90356312.00 f
  U384/Y (AND2X1)                      2034872.00 92391184.00 f
  U385/Y (INVX1)                       -1187264.00
                                                  91203920.00 r
  U502/Y (AND2X1)                      2202008.00 93405928.00 r
  U503/Y (INVX1)                       712728.00  94118656.00 f
  U197/Y (AND2X1)                      2458032.00 96576688.00 f
  U198/Y (INVX1)                       -1187520.00
                                                  95389168.00 r
  U593/Y (NOR2X1)                      553824.00  95942992.00 f
  U594/Y (NAND2X1)                     890640.00  96833632.00 r
  U406/Y (AND2X1)                      1818760.00 98652392.00 r
  U407/Y (INVX1)                       707640.00  99360032.00 f
  U291/Y (NAND2X1)                     1285632.00 100645664.00 r
  U386/Y (AND2X1)                      1818784.00 102464448.00 r
  U387/Y (INVX1)                       707568.00  103172016.00 f
  U290/Y (NAND2X1)                     1285632.00 104457648.00 r
  U382/Y (AND2X1)                      1818784.00 106276432.00 r
  U383/Y (INVX1)                       715576.00  106992008.00 f
  U400/Y (AND2X1)                      2034872.00 109026880.00 f
  U401/Y (INVX1)                       -1340528.00
                                                  107686352.00 r
  U394/Y (AND2X1)                      1881928.00 109568280.00 r
  U395/Y (INVX1)                       708320.00  110276600.00 f
  U600/Y (NOR2X1)                      1157528.00 111434128.00 r
  U601/Y (NOR2X1)                      145832.00  111579960.00 f
  out[0] (out)                             0.00   111579960.00 f
  data arrival time                               111579960.00

  clock clk (rise edge)                200000000.00
                                                  200000000.00
  clock network delay (ideal)              0.00   200000000.00
  clock reconvergence pessimism            0.00   200000000.00
  output external delay                    0.00   200000000.00
  data required time                              200000000.00
  ---------------------------------------------------------------
  data required time                              200000000.00
  data arrival time                               -111579960.00
  ---------------------------------------------------------------
  slack (MET)                                     88420040.00


1
