 
****************************************
Report : timing
        -path full
        -delay max
        -max_paths 1
Design : top
Version: S-2021.06-SP2
Date   : Fri May 31 16:45:45 2024
****************************************

Operating Conditions: TT   Library: PPDK_Standard_Library_1.0V_25C_TYP_X1
Wire Load Model Mode: top

  Startpoint: inp[5] (input port clocked by clk)
  Endpoint: out[1] (output port clocked by clk)
  Path Group: clk
  Path Type: max

  Point                                    Incr       Path
  -----------------------------------------------------------
  clock clk (rise edge)                    0.00       0.00
  clock network delay (ideal)              0.00       0.00
  input external delay                     0.00       0.00 r
  inp[5] (in)                              0.00       0.00 r
  U410/Y (INVX1)                       53475.00   53475.00 f
  U102/Y (AND2X1)                      2457692.75 2511167.75 f
  U103/Y (INVX1)                       -1177559.00
                                                  1333608.75 r
  U211/Y (AND2X1)                      2198886.25 3532495.00 r
  U212/Y (INVX1)                       707645.50  4240140.50 f
  U92/Y (AND2X1)                       2458075.50 6698216.00 f
  U93/Y (INVX1)                        -1175059.00
                                                  5523157.00 r
  U337/Y (AND2X1)                      1881335.50 7404492.50 r
  U338/Y (INVX1)                       705216.50  8109709.00 f
  U411/Y (NAND2X1)                     918799.00  9028508.00 r
  U263/Y (AND2X1)                      1830819.00 10859327.00 r
  U264/Y (INVX1)                       713508.00  11572835.00 f
  U333/Y (AND2X1)                      2034873.00 13607708.00 f
  U334/Y (INVX1)                       -1177590.00
                                                  12430118.00 r
  U161/Y (AND2X1)                      1881340.00 14311458.00 r
  U162/Y (INVX1)                       707779.00  15019237.00 f
  U420/Y (AND2X1)                      1866973.00 16886210.00 f
  U397/Y (OR2X1)                       2340492.00 19226702.00 f
  U375/Y (AND2X1)                      2054968.00 21281670.00 f
  U163/Y (AND2X1)                      2051626.00 23333296.00 f
  U164/Y (INVX1)                       -1362888.00
                                                  21970408.00 r
  U219/Y (AND2X1)                      2198930.00 24169338.00 r
  U220/Y (INVX1)                       707850.00  24877188.00 f
  U385/Y (XNOR2X1)                     6007086.00 30884274.00 f
  U193/Y (AND2X1)                      2051902.00 32936176.00 f
  U194/Y (INVX1)                       -1187452.00
                                                  31748724.00 r
  U138/Y (AND2X1)                      1881836.00 33630560.00 r
  U139/Y (INVX1)                       708096.00  34338656.00 f
  U474/Y (NOR2X1)                      1157592.00 35496248.00 r
  U231/Y (AND2X1)                      1833532.00 37329780.00 r
  U232/Y (INVX1)                       707708.00  38037488.00 f
  U299/Y (AND2X1)                      2460928.00 40498416.00 f
  U300/Y (INVX1)                       -1189064.00
                                                  39309352.00 r
  U177/Y (AND2X1)                      1881836.00 41191188.00 r
  U178/Y (INVX1)                       707584.00  41898772.00 f
  U143/Y (NAND2X1)                     1285632.00 43184404.00 r
  U153/Y (AND2X1)                      1818776.00 45003180.00 r
  U154/Y (INVX1)                       708068.00  45711248.00 f
  U477/Y (NOR2X1)                      1157556.00 46868804.00 r
  U229/Y (AND2X1)                      2181952.00 49050756.00 r
  U230/Y (INVX1)                       713160.00  49763916.00 f
  U373/Y (AND2X1)                      2039296.00 51803212.00 f
  U374/Y (INVX1)                       -1166924.00
                                                  50636288.00 r
  U359/Y (XNOR2X1)                     5863032.00 56499320.00 r
  U360/Y (INVX1)                       835908.00  57335228.00 f
  U484/Y (NAND2X1)                     919004.00  58254232.00 r
  U151/Y (AND2X1)                      1818756.00 60072988.00 r
  U152/Y (INVX1)                       713312.00  60786300.00 f
  U291/Y (AND2X1)                      2458080.00 63244380.00 f
  U292/Y (INVX1)                       -1175040.00
                                                  62069340.00 r
  U144/Y (NAND2X1)                     1050600.00 63119940.00 f
  U148/Y (NAND2X1)                     886108.00  64006048.00 r
  U64/Y (AND2X1)                       1819000.00 65825048.00 r
  U65/Y (INVX1)                        707644.00  66532692.00 f
  U209/Y (AND2X1)                      2458076.00 68990768.00 f
  U210/Y (INVX1)                       -1162840.00
                                                  67827928.00 r
  U145/Y (NAND2X1)                     1051208.00 68879136.00 f
  U243/Y (AND2X1)                      2044152.00 70923288.00 f
  U244/Y (INVX1)                       -1449080.00
                                                  69474208.00 r
  U183/Y (AND2X1)                      1882000.00 71356208.00 r
  U184/Y (INVX1)                       715568.00  72071776.00 f
  U494/Y (NOR2X1)                      1157496.00 73229272.00 r
  U287/Y (AND2X1)                      2183840.00 75413112.00 r
  U288/Y (INVX1)                       712768.00  76125880.00 f
  U497/Y (NAND2X1)                     1279816.00 77405696.00 r
  out[1] (out)                             0.00   77405696.00 r
  data arrival time                               77405696.00

  clock clk (rise edge)                200000000.00
                                                  200000000.00
  clock network delay (ideal)              0.00   200000000.00
  output external delay                    0.00   200000000.00
  data required time                              200000000.00
  -----------------------------------------------------------
  data required time                              200000000.00
  data arrival time                               -77405696.00
  -----------------------------------------------------------
  slack (MET)                                     122594304.00


1
