****************************************
Report : timing
	-path_type full
	-delay_type max
	-max_paths 1
	-sort_by slack
Design : top
Version: T-2022.03-SP5
Date   : Fri May 31 16:45:49 2024
****************************************


  Startpoint: inp[5] (input port clocked by clk)
  Endpoint: out[1] (output port clocked by clk)
  Path Group: clk
  Path Type: max

  Point                                    Incr       Path
  ---------------------------------------------------------------
  clock clk (rise edge)                    0.00       0.00
  clock network delay (ideal)              0.00       0.00
  input external delay                     0.00       0.00 r
  inp[5] (in)                              0.00       0.00 r
  U410/Y (INVX1)                       53472.00   53472.00 f
  U102/Y (AND2X1)                      2457696.00 2511168.00 f
  U103/Y (INVX1)                       -1177568.00
                                                  1333600.00 r
  U211/Y (AND2X1)                      2198880.00 3532480.00 r
  U212/Y (INVX1)                       707648.00  4240128.00 f
  U92/Y (AND2X1)                       2458072.00 6698200.00 f
  U93/Y (INVX1)                        -1175072.00
                                                  5523128.00 r
  U337/Y (AND2X1)                      1881336.00 7404464.00 r
  U338/Y (INVX1)                       705216.00  8109680.00 f
  U411/Y (NAND2X1)                     918800.00  9028480.00 r
  U263/Y (AND2X1)                      1830824.00 10859304.00 r
  U264/Y (INVX1)                       713504.00  11572808.00 f
  U333/Y (AND2X1)                      2034872.00 13607680.00 f
  U334/Y (INVX1)                       -1177584.00
                                                  12430096.00 r
  U161/Y (AND2X1)                      1881340.00 14311436.00 r
  U162/Y (INVX1)                       707780.00  15019216.00 f
  U420/Y (AND2X1)                      1866976.00 16886192.00 f
  U397/Y (OR2X1)                       2340460.00 19226652.00 f
  U375/Y (AND2X1)                      2054988.00 21281640.00 f
  U163/Y (AND2X1)                      2051620.00 23333260.00 f
  U164/Y (INVX1)                       -1362916.00
                                                  21970344.00 r
  U219/Y (AND2X1)                      2198924.00 24169268.00 r
  U220/Y (INVX1)                       707852.00  24877120.00 f
  U385/Y (XNOR2X1)                     6007084.00 30884204.00 f
  U193/Y (AND2X1)                      2051896.00 32936100.00 f
  U194/Y (INVX1)                       -1187468.00
                                                  31748632.00 r
  U138/Y (AND2X1)                      1881840.00 33630472.00 r
  U139/Y (INVX1)                       708096.00  34338568.00 f
  U474/Y (NOR2X1)                      1157592.00 35496160.00 r
  U231/Y (AND2X1)                      1833536.00 37329696.00 r
  U232/Y (INVX1)                       707712.00  38037408.00 f
  U299/Y (AND2X1)                      2460928.00 40498336.00 f
  U300/Y (INVX1)                       -1189080.00
                                                  39309256.00 r
  U177/Y (AND2X1)                      1881840.00 41191096.00 r
  U178/Y (INVX1)                       707584.00  41898680.00 f
  U143/Y (NAND2X1)                     1285632.00 43184312.00 r
  U153/Y (AND2X1)                      1818784.00 45003096.00 r
  U154/Y (INVX1)                       708072.00  45711168.00 f
  U477/Y (NOR2X1)                      1157556.00 46868724.00 r
  U229/Y (AND2X1)                      2181932.00 49050656.00 r
  U230/Y (INVX1)                       713168.00  49763824.00 f
  U373/Y (AND2X1)                      2039296.00 51803120.00 f
  U374/Y (INVX1)                       -1166920.00
                                                  50636200.00 r
  U359/Y (XNOR2X1)                     5863032.00 56499232.00 r
  U360/Y (INVX1)                       835904.00  57335136.00 f
  U484/Y (NAND2X1)                     919000.00  58254136.00 r
  U151/Y (AND2X1)                      1818768.00 60072904.00 r
  U152/Y (INVX1)                       713316.00  60786220.00 f
  U291/Y (AND2X1)                      2458076.00 63244296.00 f
  U292/Y (INVX1)                       -1175032.00
                                                  62069264.00 r
  U144/Y (NAND2X1)                     1050600.00 63119864.00 f
  U148/Y (NAND2X1)                     886104.00  64005968.00 r
  U64/Y (AND2X1)                       1819004.00 65824972.00 r
  U65/Y (INVX1)                        707644.00  66532616.00 f
  U209/Y (AND2X1)                      2458080.00 68990696.00 f
  U210/Y (INVX1)                       -1162840.00
                                                  67827856.00 r
  U145/Y (NAND2X1)                     1051208.00 68879064.00 f
  U243/Y (AND2X1)                      2044152.00 70923216.00 f
  U244/Y (INVX1)                       -1449120.00
                                                  69474096.00 r
  U183/Y (AND2X1)                      1882000.00 71356096.00 r
  U184/Y (INVX1)                       715568.00  72071664.00 f
  U494/Y (NOR2X1)                      1157496.00 73229160.00 r
  U287/Y (AND2X1)                      2183824.00 75412984.00 r
  U288/Y (INVX1)                       712776.00  76125760.00 f
  U497/Y (NAND2X1)                     1279816.00 77405576.00 r
  out[1] (out)                             0.00   77405576.00 r
  data arrival time                               77405576.00

  clock clk (rise edge)                200000000.00
                                                  200000000.00
  clock network delay (ideal)              0.00   200000000.00
  clock reconvergence pessimism            0.00   200000000.00
  output external delay                    0.00   200000000.00
  data required time                              200000000.00
  ---------------------------------------------------------------
  data required time                              200000000.00
  data arrival time                               -77405576.00
  ---------------------------------------------------------------
  slack (MET)                                     122594424.00


1
