 
****************************************
Report : area
Design : top
Version: S-2021.06-SP2
Date   : Fri May 31 16:45:45 2024
****************************************

Library(s) Used:

    PPDK_Standard_Library_1.0V_25C_TYP_X1 (File: /usr/local/eda/synLibs/egfet/db/EGFET_1.0V.db)

Number of ports:                           26
Number of nets:                           466
Number of cells:                          442
Number of combinational cells:            442
Number of sequential cells:                 0
Number of macros/black boxes:               0
Number of buf/inv:                        182
Number of references:                       7

Combinational area:          158414524.000000
Buf/Inv area:                 41572440.000000
Noncombinational area:               0.000000
Macro/Black Box area:                0.000000
Net Interconnect area:      undefined  (No wire load specified)

Total cell area:             158414524.000000
Total area:                 undefined

Hierarchical area distribution
------------------------------

                                  Global cell area                  Local cell area
                                  -----------------------  --------------------------------- 
Hierarchical cell                 Absolute        Percent  Combi-          Noncombi-  Black-
                                  Total           Total    national        national   boxes   Design
--------------------------------  --------------  -------  --------------  ---------  ------  ---------
top                               158414524.0000    100.0  158414524.0000     0.0000  0.0000  top
--------------------------------  --------------  -------  --------------  ---------  ------  ---------
Total                                                      158414524.0000     0.0000  0.0000

1
