Information: Updating design information... (UID-85)
 
****************************************
Report : qor
Design : top
Version: S-2021.06-SP2
Date   : Fri May 31 16:46:54 2024
****************************************


  Timing Path Group 'clk'
  -----------------------------------
  Levels of Logic:              65.00
  Critical Path Length:   98153392.00
  Critical Path Slack:   101846608.00
  Critical Path Clk Period:
                         200000000.00
  Total Negative Slack:          0.00
  No. of Violating Paths:        0.00
  Worst Hold Violation:          0.00
  Total Hold Violation:          0.00
  No. of Hold Violations:        0.00
  -----------------------------------


  Cell Count
  -----------------------------------
  Hierarchical Cell Count:          0
  Hierarchical Port Count:          0
  Leaf Cell Count:                382
  Buf/Inv Cell Count:             148
  Buf Cell Count:                   0
  Inv Cell Count:                 148
  CT Buf/Inv Cell Count:            0
  Combinational Cell Count:       382
  Sequential Cell Count:            0
  Macro Count:                      0
  -----------------------------------


  Area
  -----------------------------------
  Combinational Area:
                     144952417.000000
  Noncombinational Area:     0.000000
  Buf/Inv Area:       33806160.000000
  Total Buffer Area:             0.00
  Total Inverter Area:    33806160.00
  Macro/Black Box Area:      0.000000
  Net Area:                  0.000000
  -----------------------------------
  Cell Area:         144952417.000000
  Design Area:       144952417.000000


  Design Rules
  -----------------------------------
  Total Number of Nets:           406
  Nets With Violations:           382
  Max Trans Violations:           382
  Max Cap Violations:               0
  -----------------------------------


  Hostname: kamino.ceid.upatras.gr

  Compile CPU Statistics
  -----------------------------------------
  Resource Sharing:                    0.34
  Logic Optimization:                  0.03
  Mapping Optimization:                0.43
  -----------------------------------------
  Overall Compile Time:                1.76
  Overall Compile Wall Clock Time:     2.20

  --------------------------------------------------------------------

  Design  WNS: 0.00  TNS: 0.00  Number of Violating Paths: 0


  Design (Hold)  WNS: 0.00  TNS: 0.00  Number of Violating Paths: 0

  --------------------------------------------------------------------


1
