 
****************************************
Report : timing
        -path full
        -delay max
        -max_paths 1
Design : top
Version: S-2021.06-SP2
Date   : Fri May 31 16:46:54 2024
****************************************

Operating Conditions: TT   Library: PPDK_Standard_Library_1.0V_25C_TYP_X1
Wire Load Model Mode: top

  Startpoint: inp[1] (input port clocked by clk)
  Endpoint: out[0] (output port clocked by clk)
  Path Group: clk
  Path Type: max

  Point                                    Incr       Path
  -----------------------------------------------------------
  clock clk (rise edge)                    0.00       0.00
  clock network delay (ideal)              0.00       0.00
  input external delay                     0.00       0.00 r
  inp[1] (in)                              0.00       0.00 r
  U481/Y (AND2X1)                      2207109.00 2207109.00 r
  U482/Y (INVX1)                       705440.50  2912549.50 f
  U516/Y (NAND2X1)                     918764.25  3831313.75 r
  U397/Y (AND2X1)                      2174743.25 6006057.00 r
  U398/Y (INVX1)                       715947.00  6722004.00 f
  U379/Y (AND2X1)                      2458032.00 9180036.00 f
  U380/Y (INVX1)                       -1187575.50
                                                  7992460.50 r
  U278/Y (AND2X1)                      1881836.50 9874297.00 r
  U279/Y (INVX1)                       708151.00  10582448.00 f
  U280/Y (XNOR2X1)                     6580932.00 17163380.00 f
  U281/Y (INVX1)                       -1193444.00
                                                  15969936.00 r
  U270/Y (XNOR2X1)                     5854072.00 21824008.00 r
  U271/Y (INVX1)                       820386.00  22644394.00 f
  U523/Y (NAND2X1)                     1285552.00 23929946.00 r
  U491/Y (AND2X1)                      2164314.00 26094260.00 r
  U329/Y (AND2X1)                      2180914.00 28275174.00 r
  U330/Y (INVX1)                       713722.00  28988896.00 f
  U533/Y (NAND2X1)                     1291574.00 30280470.00 r
  U503/Y (XNOR2X1)                     6349354.00 36629824.00 r
  U504/Y (INVX1)                       828320.00  37458144.00 f
  U393/Y (XNOR2X1)                     6004232.00 43462376.00 f
  U394/Y (INVX1)                       -1193348.00
                                                  42269028.00 r
  U535/Y (OR2X1)                       1645772.00 43914800.00 r
  U471/Y (AND2X1)                      2196856.00 46111656.00 r
  U472/Y (INVX1)                       708748.00  46820404.00 f
  U536/Y (NAND2X1)                     1285924.00 48106328.00 r
  U403/Y (AND2X1)                      2174556.00 50280884.00 r
  U404/Y (INVX1)                       716008.00  50996892.00 f
  U274/Y (XNOR2X1)                     6580924.00 57577816.00 f
  U275/Y (INVX1)                       -1205320.00
                                                  56372496.00 r
  U453/Y (AND2X1)                      1881352.00 58253848.00 r
  U454/Y (INVX1)                       707868.00  58961716.00 f
  U553/Y (NAND2X1)                     1285788.00 60247504.00 r
  U421/Y (AND2X1)                      2169432.00 62416936.00 r
  U451/Y (AND2X1)                      1835652.00 64252588.00 r
  U452/Y (INVX1)                       707796.00  64960384.00 f
  U557/Y (NAND2X1)                     918816.00  65879200.00 r
  U237/Y (AND2X1)                      2174560.00 68053760.00 r
  U238/Y (INVX1)                       715568.00  68769328.00 f
  U367/Y (AND2X1)                      2458080.00 71227408.00 f
  U368/Y (INVX1)                       -1162784.00
                                                  70064624.00 r
  U363/Y (AND2X1)                      1880832.00 71945456.00 r
  U364/Y (INVX1)                       710240.00  72655696.00 f
  U290/Y (AND2X1)                      2458080.00 75113776.00 f
  U291/Y (INVX1)                       -217608.00 74896168.00 r
  U249/Y (INVX1)                       657304.00  75553472.00 f
  U603/Y (NOR2X1)                      1157648.00 76711120.00 r
  U371/Y (AND2X1)                      1834048.00 78545168.00 r
  U372/Y (INVX1)                       707576.00  79252744.00 f
  U607/Y (NAND2X1)                     918848.00  80171592.00 r
  U349/Y (AND2X1)                      1818680.00 81990272.00 r
  U350/Y (INVX1)                       715576.00  82705848.00 f
  U369/Y (AND2X1)                      2458080.00 85163928.00 f
  U370/Y (INVX1)                       -1187240.00
                                                  83976688.00 r
  U609/Y (AND2X1)                      1976320.00 85953008.00 r
  U383/Y (AND2X1)                      2191024.00 88144032.00 r
  U384/Y (INVX1)                       710208.00  88854240.00 f
  U612/Y (NAND2X1)                     1285624.00 90139864.00 r
  U351/Y (AND2X1)                      1818776.00 91958640.00 r
  U352/Y (INVX1)                       715568.00  92674208.00 f
  U304/Y (NAND2X1)                     1285616.00 93959824.00 r
  U341/Y (AND2X1)                      2174584.00 96134408.00 r
  U342/Y (INVX1)                       715560.00  96849968.00 f
  U615/Y (NOR2X1)                      1157520.00 98007488.00 r
  U616/Y (NOR2X1)                      145904.00  98153392.00 f
  out[0] (out)                             0.00   98153392.00 f
  data arrival time                               98153392.00

  clock clk (rise edge)                200000000.00
                                                  200000000.00
  clock network delay (ideal)              0.00   200000000.00
  output external delay                    0.00   200000000.00
  data required time                              200000000.00
  -----------------------------------------------------------
  data required time                              200000000.00
  data arrival time                               -98153392.00
  -----------------------------------------------------------
  slack (MET)                                     101846608.00


1
