****************************************
Report : Averaged Power
Design : top
Version: T-2022.03-SP5
Date   : Fri May 31 16:47:06 2024
****************************************



  Attributes
  ----------
      i  -  Including register clock pin internal power
      u  -  User defined power group

                        Internal  Switching  Leakage    Total
Power Group             Power     Power      Power      Power   (     %)  Attrs
--------------------------------------------------------------------------------
clock_network              0.0000    0.0000    0.0000    0.0000 ( 0.00%)  i
register                   0.0000    0.0000    0.0000    0.0000 ( 0.00%)  
combinational           2.445e-04 1.638e-06 5.063e-03 5.309e-03 (100.00%) 
sequential                 0.0000    0.0000    0.0000    0.0000 ( 0.00%)  
memory                     0.0000    0.0000    0.0000    0.0000 ( 0.00%)  
io_pad                     0.0000    0.0000    0.0000    0.0000 ( 0.00%)  
black_box                  0.0000    0.0000    0.0000    0.0000 ( 0.00%)  

  Net Switching Power  = 1.638e-06   ( 0.03%)
  Cell Internal Power  = 2.445e-04   ( 4.61%)
  Cell Leakage Power   = 5.063e-03   (95.36%)
                         ---------
Total Power            = 5.309e-03  (100.00%)

1
