****************************************
Report : timing
	-path_type full
	-delay_type max
	-max_paths 1
	-sort_by slack
Design : top
Version: T-2022.03-SP5
Date   : Fri May 31 16:46:58 2024
****************************************


  Startpoint: inp[1] (input port clocked by clk)
  Endpoint: out[0] (output port clocked by clk)
  Path Group: clk
  Path Type: max

  Point                                    Incr       Path
  ---------------------------------------------------------------
  clock clk (rise edge)                    0.00       0.00
  clock network delay (ideal)              0.00       0.00
  input external delay                     0.00       0.00 r
  inp[1] (in)                              0.00       0.00 r
  U481/Y (AND2X1)                      2207112.00 2207112.00 r
  U482/Y (INVX1)                       705440.00  2912552.00 f
  U516/Y (NAND2X1)                     918768.00  3831320.00 r
  U397/Y (AND2X1)                      2174720.00 6006040.00 r
  U398/Y (INVX1)                       715952.00  6721992.00 f
  U379/Y (AND2X1)                      2458032.00 9180024.00 f
  U380/Y (INVX1)                       -1187592.00
                                                  7992432.00 r
  U278/Y (AND2X1)                      1881840.00 9874272.00 r
  U279/Y (INVX1)                       708152.00  10582424.00 f
  U280/Y (XNOR2X1)                     6580928.00 17163352.00 f
  U281/Y (INVX1)                       -1193440.00
                                                  15969912.00 r
  U270/Y (XNOR2X1)                     5854072.00 21823984.00 r
  U271/Y (INVX1)                       820384.00  22644368.00 f
  U523/Y (NAND2X1)                     1285552.00 23929920.00 r
  U491/Y (AND2X1)                      2164264.00 26094184.00 r
  U329/Y (AND2X1)                      2180896.00 28275080.00 r
  U330/Y (INVX1)                       713728.00  28988808.00 f
  U533/Y (NAND2X1)                     1291576.00 30280384.00 r
  U503/Y (XNOR2X1)                     6349280.00 36629664.00 r
  U504/Y (INVX1)                       828324.00  37457988.00 f
  U393/Y (XNOR2X1)                     6004232.00 43462220.00 f
  U394/Y (INVX1)                       -1193356.00
                                                  42268864.00 r
  U535/Y (OR2X1)                       1645772.00 43914636.00 r
  U471/Y (AND2X1)                      2196848.00 46111484.00 r
  U472/Y (INVX1)                       708752.00  46820236.00 f
  U536/Y (NAND2X1)                     1285924.00 48106160.00 r
  U403/Y (AND2X1)                      2174536.00 50280696.00 r
  U404/Y (INVX1)                       716012.00  50996708.00 f
  U274/Y (XNOR2X1)                     6580924.00 57577632.00 f
  U275/Y (INVX1)                       -1205332.00
                                                  56372300.00 r
  U453/Y (AND2X1)                      1881356.00 58253656.00 r
  U454/Y (INVX1)                       707872.00  58961528.00 f
  U553/Y (NAND2X1)                     1285788.00 60247316.00 r
  U421/Y (AND2X1)                      2169492.00 62416808.00 r
  U451/Y (AND2X1)                      1835656.00 64252464.00 r
  U452/Y (INVX1)                       707800.00  64960264.00 f
  U557/Y (NAND2X1)                     918816.00  65879080.00 r
  U237/Y (AND2X1)                      2174536.00 68053616.00 r
  U238/Y (INVX1)                       715568.00  68769184.00 f
  U367/Y (AND2X1)                      2458080.00 71227264.00 f
  U368/Y (INVX1)                       -1162776.00
                                                  70064488.00 r
  U363/Y (AND2X1)                      1880840.00 71945328.00 r
  U364/Y (INVX1)                       710240.00  72655568.00 f
  U290/Y (AND2X1)                      2458080.00 75113648.00 f
  U291/Y (INVX1)                       -217600.00 74896048.00 r
  U249/Y (INVX1)                       657304.00  75553352.00 f
  U603/Y (NOR2X1)                      1157648.00 76711000.00 r
  U371/Y (AND2X1)                      1834056.00 78545056.00 r
  U372/Y (INVX1)                       707576.00  79252632.00 f
  U607/Y (NAND2X1)                     918848.00  80171480.00 r
  U349/Y (AND2X1)                      1818688.00 81990168.00 r
  U350/Y (INVX1)                       715576.00  82705744.00 f
  U369/Y (AND2X1)                      2458080.00 85163824.00 f
  U370/Y (INVX1)                       -1187232.00
                                                  83976592.00 r
  U609/Y (AND2X1)                      1976312.00 85952904.00 r
  U383/Y (AND2X1)                      2191016.00 88143920.00 r
  U384/Y (INVX1)                       710208.00  88854128.00 f
  U612/Y (NAND2X1)                     1285616.00 90139744.00 r
  U351/Y (AND2X1)                      1818792.00 91958536.00 r
  U352/Y (INVX1)                       715568.00  92674104.00 f
  U304/Y (NAND2X1)                     1285616.00 93959720.00 r
  U341/Y (AND2X1)                      2174560.00 96134280.00 r
  U342/Y (INVX1)                       715568.00  96849848.00 f
  U615/Y (NOR2X1)                      1157520.00 98007368.00 r
  U616/Y (NOR2X1)                      145904.00  98153272.00 f
  out[0] (out)                             0.00   98153272.00 f
  data arrival time                               98153272.00

  clock clk (rise edge)                200000000.00
                                                  200000000.00
  clock network delay (ideal)              0.00   200000000.00
  clock reconvergence pessimism            0.00   200000000.00
  output external delay                    0.00   200000000.00
  data required time                              200000000.00
  ---------------------------------------------------------------
  data required time                              200000000.00
  data arrival time                               -98153272.00
  ---------------------------------------------------------------
  slack (MET)                                     101846728.00


1
