****************************************
Report : timing
	-path_type full
	-delay_type max
	-max_paths 1
	-sort_by slack
Design : top
Version: T-2022.03-SP5
Date   : Fri May 31 11:37:50 2024
****************************************


  Startpoint: inp[5] (input port clocked by clk)
  Endpoint: out[0] (output port clocked by clk)
  Path Group: clk
  Path Type: max

  Point                                    Incr       Path
  ---------------------------------------------------------------
  clock clk (rise edge)                    0.00       0.00
  clock network delay (ideal)              0.00       0.00
  input external delay                     0.00       0.00 r
  inp[5] (in)                              0.00       0.00 r
  U815/Y (AND2X1)                      2207112.00 2207112.00 r
  U816/Y (INVX1)                       705440.00  2912552.00 f
  U988/Y (NAND2X1)                     918768.00  3831320.00 r
  U496/Y (AND2X1)                      2174720.00 6006040.00 r
  U497/Y (INVX1)                       715952.00  6721992.00 f
  U989/Y (XOR2X1)                      5588264.00 12310256.00 r
  U362/Y (XNOR2X1)                     6311800.00 18622056.00 r
  U363/Y (INVX1)                       775448.00  19397504.00 f
  U384/Y (XNOR2X1)                     6580864.00 25978368.00 f
  U385/Y (INVX1)                       -1193464.00
                                                  24784904.00 r
  U370/Y (XNOR2X1)                     5854072.00 30638976.00 r
  U371/Y (INVX1)                       820384.00  31459360.00 f
  U392/Y (XNOR2X1)                     6580820.00 38040180.00 f
  U393/Y (INVX1)                       -1193484.00
                                                  36846696.00 r
  U424/Y (XNOR2X1)                     5942676.00 42789372.00 r
  U425/Y (INVX1)                       775456.00  43564828.00 f
  U996/Y (NAND2X1)                     1285704.00 44850532.00 r
  U741/Y (AND2X1)                      2174552.00 47025084.00 r
  U742/Y (INVX1)                       716008.00  47741092.00 f
  U346/Y (XNOR2X1)                     6580924.00 54322016.00 f
  U347/Y (INVX1)                       -1193324.00
                                                  53128692.00 r
  U254/Y (AND2X1)                      2198696.00 55327388.00 r
  U255/Y (INVX1)                       707708.00  56035096.00 f
  U567/Y (AND2X1)                      2458076.00 58493172.00 f
  U568/Y (INVX1)                       -1175040.00
                                                  57318132.00 r
  U1014/Y (OR2X1)                      1642288.00 58960420.00 r
  U532/Y (AND2X1)                      1875568.00 60835988.00 r
  U533/Y (INVX1)                       710356.00  61546344.00 f
  U284/Y (AND2X1)                      2034876.00 63581220.00 f
  U285/Y (INVX1)                       -1175224.00
                                                  62405996.00 r
  U1022/Y (OR2X1)                      1642276.00 64048272.00 r
  U665/Y (AND2X1)                      2196636.00 66244908.00 r
  U666/Y (INVX1)                       708376.00  66953284.00 f
  U524/Y (AND2X1)                      2034876.00 68988160.00 f
  U525/Y (INVX1)                       -1162936.00
                                                  67825224.00 r
  U619/Y (AND2X1)                      2198688.00 70023912.00 r
  U620/Y (INVX1)                       707704.00  70731616.00 f
  U450/Y (NAND2X1)                     1285632.00 72017248.00 r
  U849/Y (AND2X1)                      1818784.00 73836032.00 r
  U850/Y (INVX1)                       708760.00  74544792.00 f
  U260/Y (AND2X1)                      2458024.00 77002816.00 f
  U261/Y (INVX1)                       -1126560.00
                                                  75876256.00 r
  U795/Y (AND2X1)                      2200720.00 78076976.00 r
  U667/Y (AND2X1)                      1836528.00 79913504.00 r
  U668/Y (INVX1)                       708368.00  80621872.00 f
  U1029/Y (NAND2X1)                    1291600.00 81913472.00 r
  U478/Y (AND2X1)                      1818368.00 83731840.00 r
  U479/Y (INVX1)                       707640.00  84439480.00 f
  U268/Y (AND2X1)                      2034880.00 86474360.00 f
  U269/Y (INVX1)                       -1354960.00
                                                  85119400.00 r
  U789/Y (AND2X1)                      1881944.00 87001344.00 r
  U790/Y (INVX1)                       708536.00  87709880.00 f
  U1035/Y (NAND2X1)                    1285784.00 88995664.00 r
  U470/Y (AND2X1)                      2174552.00 91170216.00 r
  U471/Y (INVX1)                       715568.00  91885784.00 f
  U442/Y (NAND2X1)                     1285600.00 93171384.00 r
  U647/Y (AND2X1)                      1818792.00 94990176.00 r
  U648/Y (INVX1)                       707584.00  95697760.00 f
  U659/Y (AND2X1)                      2458080.00 98155840.00 f
  U660/Y (INVX1)                       -1187264.00
                                                  96968576.00 r
  U663/Y (AND2X1)                      2199072.00 99167648.00 r
  U664/Y (INVX1)                       707584.00  99875232.00 f
  U1056/Y (NAND2X1)                    1279688.00 101154920.00 r
  out[0] (out)                             0.00   101154920.00 r
  data arrival time                               101154920.00

  clock clk (rise edge)                200000000.00
                                                  200000000.00
  clock network delay (ideal)              0.00   200000000.00
  clock reconvergence pessimism            0.00   200000000.00
  output external delay                    0.00   200000000.00
  data required time                              200000000.00
  ---------------------------------------------------------------
  data required time                              200000000.00
  data arrival time                               -101154920.00
  ---------------------------------------------------------------
  slack (MET)                                     98845080.00


1
