 
****************************************
Report : area
Design : top
Version: S-2021.06-SP2
Date   : Fri May 31 11:37:46 2024
****************************************

Library(s) Used:

    PPDK_Standard_Library_1.0V_25C_TYP_X1 (File: /usr/local/eda/synLibs/egfet/db/EGFET_1.0V.db)

Number of ports:                           38
Number of nets:                           874
Number of cells:                          838
Number of combinational cells:            837
Number of sequential cells:                 0
Number of macros/black boxes:               0
Number of buf/inv:                        346
Number of references:                       7

Combinational area:          319515170.000000
Buf/Inv area:                 79033320.000000
Noncombinational area:               0.000000
Macro/Black Box area:                0.000000
Net Interconnect area:      undefined  (No wire load specified)

Total cell area:             319515170.000000
Total area:                 undefined
1
