 
****************************************
Report : timing
        -path full
        -delay max
        -max_paths 1
Design : top
Version: S-2021.06-SP2
Date   : Fri May 31 11:37:46 2024
****************************************

Operating Conditions: TT   Library: PPDK_Standard_Library_1.0V_25C_TYP_X1
Wire Load Model Mode: top

  Startpoint: inp[5] (input port clocked by clk)
  Endpoint: out[0] (output port clocked by clk)
  Path Group: clk
  Path Type: max

  Point                                    Incr       Path
  -----------------------------------------------------------
  clock clk (rise edge)                    0.00       0.00
  clock network delay (ideal)              0.00       0.00
  input external delay                     0.00       0.00 r
  inp[5] (in)                              0.00       0.00 r
  U815/Y (AND2X1)                      2207109.00 2207109.00 r
  U816/Y (INVX1)                       705440.50  2912549.50 f
  U988/Y (NAND2X1)                     918764.25  3831313.75 r
  U496/Y (AND2X1)                      2174743.25 6006057.00 r
  U497/Y (INVX1)                       715947.00  6722004.00 f
  U989/Y (XOR2X1)                      5588262.00 12310266.00 r
  U362/Y (XNOR2X1)                     6311764.00 18622030.00 r
  U363/Y (INVX1)                       775452.00  19397482.00 f
  U384/Y (XNOR2X1)                     6580866.00 25978348.00 f
  U385/Y (INVX1)                       -1193458.00
                                                  24784890.00 r
  U370/Y (XNOR2X1)                     5854068.00 30638958.00 r
  U371/Y (INVX1)                       820386.00  31459344.00 f
  U392/Y (XNOR2X1)                     6580824.00 38040168.00 f
  U393/Y (INVX1)                       -1193492.00
                                                  36846676.00 r
  U424/Y (XNOR2X1)                     5942664.00 42789340.00 r
  U425/Y (INVX1)                       775456.00  43564796.00 f
  U996/Y (NAND2X1)                     1285704.00 44850500.00 r
  U741/Y (AND2X1)                      2174576.00 47025076.00 r
  U742/Y (INVX1)                       716000.00  47741076.00 f
  U346/Y (XNOR2X1)                     6580924.00 54322000.00 f
  U347/Y (INVX1)                       -1193316.00
                                                  53128684.00 r
  U254/Y (AND2X1)                      2198704.00 55327388.00 r
  U255/Y (INVX1)                       707704.00  56035092.00 f
  U567/Y (AND2X1)                      2458076.00 58493168.00 f
  U568/Y (INVX1)                       -1175028.00
                                                  57318140.00 r
  U1014/Y (OR2X1)                      1642284.00 58960424.00 r
  U532/Y (AND2X1)                      1875568.00 60835992.00 r
  U533/Y (INVX1)                       710356.00  61546348.00 f
  U284/Y (AND2X1)                      2034876.00 63581224.00 f
  U285/Y (INVX1)                       -1175212.00
                                                  62406012.00 r
  U1022/Y (OR2X1)                      1642276.00 64048288.00 r
  U665/Y (AND2X1)                      2196644.00 66244932.00 r
  U666/Y (INVX1)                       708376.00  66953308.00 f
  U524/Y (AND2X1)                      2034876.00 68988184.00 f
  U525/Y (INVX1)                       -1162936.00
                                                  67825248.00 r
  U619/Y (AND2X1)                      2198688.00 70023936.00 r
  U620/Y (INVX1)                       707712.00  70731648.00 f
  U450/Y (NAND2X1)                     1285632.00 72017280.00 r
  U849/Y (AND2X1)                      1818776.00 73836056.00 r
  U850/Y (INVX1)                       708752.00  74544808.00 f
  U260/Y (AND2X1)                      2458024.00 77002832.00 f
  U261/Y (INVX1)                       -1126552.00
                                                  75876280.00 r
  U795/Y (AND2X1)                      2200696.00 78076976.00 r
  U667/Y (AND2X1)                      1836520.00 79913496.00 r
  U668/Y (INVX1)                       708376.00  80621872.00 f
  U1029/Y (NAND2X1)                    1291600.00 81913472.00 r
  U478/Y (AND2X1)                      1818352.00 83731824.00 r
  U479/Y (INVX1)                       707640.00  84439464.00 f
  U268/Y (AND2X1)                      2034872.00 86474336.00 f
  U269/Y (INVX1)                       -1354928.00
                                                  85119408.00 r
  U789/Y (AND2X1)                      1881936.00 87001344.00 r
  U790/Y (INVX1)                       708536.00  87709880.00 f
  U1035/Y (NAND2X1)                    1285784.00 88995664.00 r
  U470/Y (AND2X1)                      2174568.00 91170232.00 r
  U471/Y (INVX1)                       715568.00  91885800.00 f
  U442/Y (NAND2X1)                     1285600.00 93171400.00 r
  U647/Y (AND2X1)                      1818784.00 94990184.00 r
  U648/Y (INVX1)                       707584.00  95697768.00 f
  U659/Y (AND2X1)                      2458072.00 98155840.00 f
  U660/Y (INVX1)                       -1187264.00
                                                  96968576.00 r
  U663/Y (AND2X1)                      2199080.00 99167656.00 r
  U664/Y (INVX1)                       707584.00  99875240.00 f
  U1056/Y (NAND2X1)                    1279688.00 101154928.00 r
  out[0] (out)                             0.00   101154928.00 r
  data arrival time                               101154928.00

  clock clk (rise edge)                200000000.00
                                                  200000000.00
  clock network delay (ideal)              0.00   200000000.00
  output external delay                    0.00   200000000.00
  data required time                              200000000.00
  -----------------------------------------------------------
  data required time                              200000000.00
  data arrival time                               -101154928.00
  -----------------------------------------------------------
  slack (MET)                                     98845072.00


1
