Information: Updating design information... (UID-85)
 
****************************************
Report : qor
Design : top
Version: S-2021.06-SP2
Date   : Fri May 31 11:37:46 2024
****************************************


  Timing Path Group 'clk'
  -----------------------------------
  Levels of Logic:              63.00
  Critical Path Length:  101154928.00
  Critical Path Slack:    98845072.00
  Critical Path Clk Period:
                         200000000.00
  Total Negative Slack:          0.00
  No. of Violating Paths:        0.00
  Worst Hold Violation:          0.00
  Total Hold Violation:          0.00
  No. of Hold Violations:        0.00
  -----------------------------------


  Cell Count
  -----------------------------------
  Hierarchical Cell Count:          0
  Hierarchical Port Count:          0
  Leaf Cell Count:                837
  Buf/Inv Cell Count:             346
  Buf Cell Count:                   0
  Inv Cell Count:                 346
  CT Buf/Inv Cell Count:            0
  Combinational Cell Count:       837
  Sequential Cell Count:            0
  Macro Count:                      0
  -----------------------------------


  Area
  -----------------------------------
  Combinational Area:
                     319515170.000000
  Noncombinational Area:     0.000000
  Buf/Inv Area:       79033320.000000
  Total Buffer Area:             0.00
  Total Inverter Area:    79033320.00
  Macro/Black Box Area:      0.000000
  Net Area:                  0.000000
  -----------------------------------
  Cell Area:         319515170.000000
  Design Area:       319515170.000000


  Design Rules
  -----------------------------------
  Total Number of Nets:           874
  Nets With Violations:           837
  Max Trans Violations:           837
  Max Cap Violations:               0
  -----------------------------------


  Hostname: kamino.ceid.upatras.gr

  Compile CPU Statistics
  -----------------------------------------
  Resource Sharing:                    0.32
  Logic Optimization:                  0.04
  Mapping Optimization:                0.56
  -----------------------------------------
  Overall Compile Time:                2.82
  Overall Compile Wall Clock Time:     3.20

  --------------------------------------------------------------------

  Design  WNS: 0.00  TNS: 0.00  Number of Violating Paths: 0


  Design (Hold)  WNS: 0.00  TNS: 0.00  Number of Violating Paths: 0

  --------------------------------------------------------------------


1
