****************************************
Report : Averaged Power
Design : top
Version: T-2022.03-SP5
Date   : Fri May 31 11:37:59 2024
****************************************



  Attributes
  ----------
      i  -  Including register clock pin internal power
      u  -  User defined power group

                        Internal  Switching  Leakage    Total
Power Group             Power     Power      Power      Power   (     %)  Attrs
--------------------------------------------------------------------------------
clock_network              0.0000    0.0000    0.0000    0.0000 ( 0.00%)  i
register                   0.0000    0.0000    0.0000    0.0000 ( 0.00%)  
combinational           5.559e-04 3.436e-06    0.0113    0.0118 (100.00%) 
sequential                 0.0000    0.0000    0.0000    0.0000 ( 0.00%)  
memory                     0.0000    0.0000    0.0000    0.0000 ( 0.00%)  
io_pad                     0.0000    0.0000    0.0000    0.0000 ( 0.00%)  
black_box                  0.0000    0.0000    0.0000    0.0000 ( 0.00%)  

  Net Switching Power  = 3.436e-06   ( 0.03%)
  Cell Internal Power  = 5.559e-04   ( 4.69%)
  Cell Leakage Power   =    0.0113   (95.28%)
                         ---------
Total Power            =    0.0118  (100.00%)

1
