 
****************************************
Report : timing
        -path full
        -delay max
        -max_paths 1
Design : top
Version: S-2021.06-SP2
Date   : Fri May 31 16:46:19 2024
****************************************

Operating Conditions: TT   Library: PPDK_Standard_Library_1.0V_25C_TYP_X1
Wire Load Model Mode: top

  Startpoint: inp[5] (input port clocked by clk)
  Endpoint: out[0] (output port clocked by clk)
  Path Group: clk
  Path Type: max

  Point                                    Incr       Path
  -----------------------------------------------------------
  clock clk (rise edge)                    0.00       0.00
  clock network delay (ideal)              0.00       0.00
  input external delay                     0.00       0.00 f
  inp[5] (in)                              0.00       0.00 f
  U394/Y (INVX1)                       576232.88  576232.88 r
  U103/Y (AND2X1)                      2198660.00 2774893.00 r
  U104/Y (INVX1)                       707942.25  3482835.25 f
  U196/Y (AND2X1)                      2034889.25 5517724.50 f
  U197/Y (INVX1)                       -1185199.00
                                                  4332525.50 r
  U329/Y (AND2X1)                      2199078.50 6531604.00 r
  U330/Y (INVX1)                       707806.00  7239410.00 f
  U396/Y (OR2X1)                       2117898.00 9357308.00 f
  U267/Y (AND2X1)                      2436833.00 11794141.00 f
  U62/Y (AND2X1)                       2426367.00 14220508.00 f
  U63/Y (INVX1)                        -1379352.00
                                                  12841156.00 r
  U418/Y (NAND2X1)                     802417.00  13643573.00 f
  U382/Y (XNOR2X1)                     6627085.00 20270658.00 f
  U445/Y (XOR2X1)                      5518842.00 25789500.00 r
  U252/Y (AND2X1)                      1820014.00 27609514.00 r
  U253/Y (INVX1)                       707646.00  28317160.00 f
  U93/Y (AND2X1)                       2034876.00 30352036.00 f
  U94/Y (INVX1)                        -1175214.00
                                                  29176822.00 r
  U449/Y (OR2X1)                       1642270.00 30819092.00 r
  U238/Y (AND2X1)                      2196644.00 33015736.00 r
  U239/Y (INVX1)                       708376.00  33724112.00 f
  U450/Y (AND2X1)                      1869144.00 35593256.00 f
  U75/Y (XNOR2X1)                      5981340.00 41574596.00 f
  U76/Y (INVX1)                        -1292100.00
                                                  40282496.00 r
  U166/Y (AND2X1)                      2198912.00 42481408.00 r
  U167/Y (INVX1)                       707636.00  43189044.00 f
  U198/Y (AND2X1)                      2458076.00 45647120.00 f
  U199/Y (INVX1)                       -1187232.00
                                                  44459888.00 r
  U365/Y (OR2X1)                       1775924.00 46235812.00 r
  U366/Y (INVX1)                       710656.00  46946468.00 f
  U500/Y (NAND2X1)                     1286048.00 48232516.00 r
  U262/Y (AND2X1)                      1830412.00 50062928.00 r
  U388/Y (INVX1)                       713972.00  50776900.00 f
  U127/Y (XNOR2X1)                     6581136.00 57358036.00 f
  U128/Y (INVX1)                       -1193728.00
                                                  56164308.00 r
  U506/Y (NAND2X1)                     1051176.00 57215484.00 f
  U281/Y (AND2X1)                      2441928.00 59657412.00 f
  U282/Y (INVX1)                       -1279056.00
                                                  58378356.00 r
  U317/Y (AND2X1)                      1881400.00 60259756.00 r
  U318/Y (INVX1)                       708060.00  60967816.00 f
  U508/Y (NAND2X1)                     918816.00  61886632.00 r
  U184/Y (AND2X1)                      2174616.00 64061248.00 r
  U185/Y (INVX1)                       715552.00  64776800.00 f
  U234/Y (AND2X1)                      2034872.00 66811672.00 f
  U235/Y (INVX1)                       -1291500.00
                                                  65520172.00 r
  U371/Y (AND2X1)                      2202020.00 67722192.00 r
  U372/Y (INVX1)                       712464.00  68434656.00 f
  U512/Y (NAND2X1)                     1285760.00 69720416.00 r
  U250/Y (AND2X1)                      1818752.00 71539168.00 r
  U251/Y (INVX1)                       707640.00  72246808.00 f
  U524/Y (NAND2X1)                     1285648.00 73532456.00 r
  U186/Y (AND2X1)                      2174584.00 75707040.00 r
  U187/Y (INVX1)                       715560.00  76422600.00 f
  U224/Y (AND2X1)                      2034872.00 78457472.00 f
  U225/Y (INVX1)                       -1174984.00
                                                  77282488.00 r
  U66/Y (NOR2X1)                       548768.00  77831256.00 f
  U530/Y (NOR2X1)                      1179880.00 79011136.00 r
  out[0] (out)                             0.00   79011136.00 r
  data arrival time                               79011136.00

  clock clk (rise edge)                200000000.00
                                                  200000000.00
  clock network delay (ideal)              0.00   200000000.00
  output external delay                    0.00   200000000.00
  data required time                              200000000.00
  -----------------------------------------------------------
  data required time                              200000000.00
  data arrival time                               -79011136.00
  -----------------------------------------------------------
  slack (MET)                                     120988864.00


1
