****************************************
Report : timing
	-path_type full
	-delay_type max
	-max_paths 1
	-sort_by slack
Design : top
Version: T-2022.03-SP5
Date   : Fri May 31 16:46:24 2024
****************************************


  Startpoint: inp[5] (input port clocked by clk)
  Endpoint: out[0] (output port clocked by clk)
  Path Group: clk
  Path Type: max

  Point                                    Incr       Path
  ---------------------------------------------------------------
  clock clk (rise edge)                    0.00       0.00
  clock network delay (ideal)              0.00       0.00
  input external delay                     0.00       0.00 f
  inp[5] (in)                              0.00       0.00 f
  U394/Y (INVX1)                       576232.00  576232.00 r
  U103/Y (AND2X1)                      2198656.00 2774888.00 r
  U104/Y (INVX1)                       707944.00  3482832.00 f
  U196/Y (AND2X1)                      2034888.00 5517720.00 f
  U197/Y (INVX1)                       -1185192.00
                                                  4332528.00 r
  U329/Y (AND2X1)                      2199072.00 6531600.00 r
  U330/Y (INVX1)                       707808.00  7239408.00 f
  U396/Y (OR2X1)                       2117896.00 9357304.00 f
  U267/Y (AND2X1)                      2436840.00 11794144.00 f
  U62/Y (AND2X1)                       2426376.00 14220520.00 f
  U63/Y (INVX1)                        -1379372.00
                                                  12841148.00 r
  U418/Y (NAND2X1)                     802416.00  13643564.00 f
  U382/Y (XNOR2X1)                     6627068.00 20270632.00 f
  U445/Y (XOR2X1)                      5518780.00 25789412.00 r
  U252/Y (AND2X1)                      1820020.00 27609432.00 r
  U253/Y (INVX1)                       707648.00  28317080.00 f
  U93/Y (AND2X1)                       2034876.00 30351956.00 f
  U94/Y (INVX1)                        -1175224.00
                                                  29176732.00 r
  U449/Y (OR2X1)                       1642264.00 30818996.00 r
  U238/Y (AND2X1)                      2196636.00 33015632.00 r
  U239/Y (INVX1)                       708376.00  33724008.00 f
  U450/Y (AND2X1)                      1869144.00 35593152.00 f
  U75/Y (XNOR2X1)                      5981388.00 41574540.00 f
  U76/Y (INVX1)                        -1292064.00
                                                  40282476.00 r
  U166/Y (AND2X1)                      2198908.00 42481384.00 r
  U167/Y (INVX1)                       707640.00  43189024.00 f
  U198/Y (AND2X1)                      2458072.00 45647096.00 f
  U199/Y (INVX1)                       -1187228.00
                                                  44459868.00 r
  U365/Y (OR2X1)                       1775916.00 46235784.00 r
  U366/Y (INVX1)                       710640.00  46946424.00 f
  U500/Y (NAND2X1)                     1286048.00 48232472.00 r
  U262/Y (AND2X1)                      1830384.00 50062856.00 r
  U388/Y (INVX1)                       713972.00  50776828.00 f
  U127/Y (XNOR2X1)                     6581132.00 57357960.00 f
  U128/Y (INVX1)                       -1193716.00
                                                  56164244.00 r
  U506/Y (NAND2X1)                     1051180.00 57215424.00 f
  U281/Y (AND2X1)                      2441932.00 59657356.00 f
  U282/Y (INVX1)                       -1279076.00
                                                  58378280.00 r
  U317/Y (AND2X1)                      1881400.00 60259680.00 r
  U318/Y (INVX1)                       708056.00  60967736.00 f
  U508/Y (NAND2X1)                     918816.00  61886552.00 r
  U184/Y (AND2X1)                      2174592.00 64061144.00 r
  U185/Y (INVX1)                       715556.00  64776700.00 f
  U234/Y (AND2X1)                      2034876.00 66811576.00 f
  U235/Y (INVX1)                       -1291508.00
                                                  65520068.00 r
  U371/Y (AND2X1)                      2202036.00 67722104.00 r
  U372/Y (INVX1)                       712456.00  68434560.00 f
  U512/Y (NAND2X1)                     1285760.00 69720320.00 r
  U250/Y (AND2X1)                      1818752.00 71539072.00 r
  U251/Y (INVX1)                       707648.00  72246720.00 f
  U524/Y (NAND2X1)                     1285648.00 73532368.00 r
  U186/Y (AND2X1)                      2174552.00 75706920.00 r
  U187/Y (INVX1)                       715568.00  76422488.00 f
  U224/Y (AND2X1)                      2034872.00 78457360.00 f
  U225/Y (INVX1)                       -1174984.00
                                                  77282376.00 r
  U66/Y (NOR2X1)                       548776.00  77831152.00 f
  U530/Y (NOR2X1)                      1179880.00 79011032.00 r
  out[0] (out)                             0.00   79011032.00 r
  data arrival time                               79011032.00

  clock clk (rise edge)                200000000.00
                                                  200000000.00
  clock network delay (ideal)              0.00   200000000.00
  clock reconvergence pessimism            0.00   200000000.00
  output external delay                    0.00   200000000.00
  data required time                              200000000.00
  ---------------------------------------------------------------
  data required time                              200000000.00
  data arrival time                               -79011032.00
  ---------------------------------------------------------------
  slack (MET)                                     120988968.00


1
